2022-12-14 21:12:36,364 DEBUG i.n.u.i.l.InternalLoggerFactory [TestNG-test=HomePage-1] Using Log4J2 as the default logging framework
2022-12-14 21:12:36,368 DEBUG i.n.u.ResourceLeakDetector [TestNG-test=HomePage-1] -Dio.netty.leakDetection.level: simple
2022-12-14 21:12:36,368 DEBUG i.n.u.ResourceLeakDetector [TestNG-test=HomePage-1] -Dio.netty.leakDetection.targetRecords: 4
2022-12-14 21:12:36,370 DEBUG i.n.u.ResourceLeakDetectorFactory$DefaultResourceLeakDetectorFactory [TestNG-test=HomePage-1] Loaded default ResourceLeakDetector: io.netty.util.ResourceLeakDetector@fdfcf3c
2022-12-14 21:12:36,378 DEBUG i.n.u.i.PlatformDependent0 [TestNG-test=HomePage-1] -Dio.netty.noUnsafe: false
2022-12-14 21:12:36,378 DEBUG i.n.u.i.PlatformDependent0 [TestNG-test=HomePage-1] Java version: 11
2022-12-14 21:12:36,379 DEBUG i.n.u.i.PlatformDependent0 [TestNG-test=HomePage-1] sun.misc.Unsafe.theUnsafe: available
2022-12-14 21:12:36,379 DEBUG i.n.u.i.PlatformDependent0 [TestNG-test=HomePage-1] sun.misc.Unsafe.copyMemory: available
2022-12-14 21:12:36,379 DEBUG i.n.u.i.PlatformDependent0 [TestNG-test=HomePage-1] sun.misc.Unsafe.storeFence: available
2022-12-14 21:12:36,380 DEBUG i.n.u.i.PlatformDependent0 [TestNG-test=HomePage-1] java.nio.Buffer.address: available
2022-12-14 21:12:36,380 DEBUG i.n.u.i.PlatformDependent0 [TestNG-test=HomePage-1] direct buffer constructor: unavailable
java.lang.UnsupportedOperationException: Reflective setAccessible(true) disabled
	at io.netty.util.internal.ReflectionUtil.trySetAccessible(ReflectionUtil.java:31) ~[netty-common-4.1.84.Final.jar:4.1.84.Final]
	at io.netty.util.internal.PlatformDependent0$5.run(PlatformDependent0.java:288) ~[netty-common-4.1.84.Final.jar:4.1.84.Final]
	at java.security.AccessController.doPrivileged(Native Method) ~[?:?]
	at io.netty.util.internal.PlatformDependent0.<clinit>(PlatformDependent0.java:282) ~[netty-common-4.1.84.Final.jar:4.1.84.Final]
	at io.netty.util.internal.PlatformDependent.isAndroid(PlatformDependent.java:333) ~[netty-common-4.1.84.Final.jar:4.1.84.Final]
	at io.netty.util.internal.PlatformDependent.<clinit>(PlatformDependent.java:88) ~[netty-common-4.1.84.Final.jar:4.1.84.Final]
	at io.netty.util.HashedWheelTimer.<init>(HashedWheelTimer.java:114) ~[netty-common-4.1.84.Final.jar:4.1.84.Final]
	at io.netty.util.HashedWheelTimer.<init>(HashedWheelTimer.java:251) ~[netty-common-4.1.84.Final.jar:4.1.84.Final]
	at io.netty.util.HashedWheelTimer.<init>(HashedWheelTimer.java:224) ~[netty-common-4.1.84.Final.jar:4.1.84.Final]
	at io.netty.util.HashedWheelTimer.<init>(HashedWheelTimer.java:203) ~[netty-common-4.1.84.Final.jar:4.1.84.Final]
	at org.asynchttpclient.DefaultAsyncHttpClient.newNettyTimer(DefaultAsyncHttpClient.java:111) ~[async-http-client-2.12.3.jar:?]
	at org.asynchttpclient.DefaultAsyncHttpClient.<init>(DefaultAsyncHttpClient.java:90) ~[async-http-client-2.12.3.jar:?]
	at org.asynchttpclient.Dsl.asyncHttpClient(Dsl.java:32) ~[async-http-client-2.12.3.jar:?]
	at org.openqa.selenium.remote.http.netty.NettyClient.createHttpClient(NettyClient.java:94) ~[selenium-remote-driver-4.7.1.jar:?]
	at org.openqa.selenium.remote.http.netty.NettyClient.<clinit>(NettyClient.java:47) ~[selenium-remote-driver-4.7.1.jar:?]
	at org.openqa.selenium.remote.http.netty.NettyClient$Factory.createClient(NettyClient.java:135) ~[selenium-remote-driver-4.7.1.jar:?]
	at org.openqa.selenium.remote.tracing.TracedHttpClient$Factory.createClient(TracedHttpClient.java:77) ~[selenium-remote-driver-4.7.1.jar:?]
	at org.openqa.selenium.remote.HttpCommandExecutor.<init>(HttpCommandExecutor.java:107) ~[selenium-remote-driver-4.7.1.jar:?]
	at org.openqa.selenium.remote.RemoteWebDriver.createExecutor(RemoteWebDriver.java:186) ~[selenium-remote-driver-4.7.1.jar:?]
	at org.openqa.selenium.remote.RemoteWebDriver.<init>(RemoteWebDriver.java:141) ~[selenium-remote-driver-4.7.1.jar:?]
	at org.gui.pages.HomePageTest.SearchBag(HomePageTest.java:39) ~[test-classes/:?]
	at jdk.internal.reflect.NativeMethodAccessorImpl.invoke0(Native Method) ~[?:?]
	at jdk.internal.reflect.NativeMethodAccessorImpl.invoke(NativeMethodAccessorImpl.java:62) ~[?:?]
	at jdk.internal.reflect.DelegatingMethodAccessorImpl.invoke(DelegatingMethodAccessorImpl.java:43) ~[?:?]
	at java.lang.reflect.Method.invoke(Method.java:566) ~[?:?]
	at org.testng.internal.invokers.MethodInvocationHelper.invokeMethod(MethodInvocationHelper.java:139) ~[testng-7.7.0.jar:7.7.0]
	at org.testng.internal.invokers.TestInvoker.invokeMethod(TestInvoker.java:677) ~[testng-7.7.0.jar:7.7.0]
	at org.testng.internal.invokers.TestInvoker.invokeTestMethod(TestInvoker.java:221) ~[testng-7.7.0.jar:7.7.0]
	at org.testng.internal.invokers.MethodRunner.runInSequence(MethodRunner.java:50) ~[testng-7.7.0.jar:7.7.0]
	at org.testng.internal.invokers.TestInvoker$MethodInvocationAgent.invoke(TestInvoker.java:969) ~[testng-7.7.0.jar:7.7.0]
	at org.testng.internal.invokers.TestInvoker.invokeTestMethods(TestInvoker.java:194) ~[testng-7.7.0.jar:7.7.0]
	at org.testng.internal.invokers.TestMethodWorker.invokeTestMethods(TestMethodWorker.java:148) ~[testng-7.7.0.jar:7.7.0]
	at org.testng.internal.invokers.TestMethodWorker.run(TestMethodWorker.java:128) ~[testng-7.7.0.jar:7.7.0]
	at java.util.concurrent.ThreadPoolExecutor.runWorker(ThreadPoolExecutor.java:1128) ~[?:?]
	at java.util.concurrent.ThreadPoolExecutor$Worker.run(ThreadPoolExecutor.java:628) ~[?:?]
	at java.lang.Thread.run(Thread.java:829) ~[?:?]
2022-12-14 21:12:36,386 DEBUG i.n.u.i.PlatformDependent0 [TestNG-test=HomePage-1] java.nio.Bits.unaligned: available, true
2022-12-14 21:12:36,387 DEBUG i.n.u.i.PlatformDependent0 [TestNG-test=HomePage-1] jdk.internal.misc.Unsafe.allocateUninitializedArray(int): unavailable
java.lang.IllegalAccessException: class io.netty.util.internal.PlatformDependent0$7 cannot access class jdk.internal.misc.Unsafe (in module java.base) because module java.base does not export jdk.internal.misc to unnamed module @178b0a7d
	at jdk.internal.reflect.Reflection.newIllegalAccessException(Reflection.java:361) ~[?:?]
	at java.lang.reflect.AccessibleObject.checkAccess(AccessibleObject.java:591) ~[?:?]
	at java.lang.reflect.Method.invoke(Method.java:558) ~[?:?]
	at io.netty.util.internal.PlatformDependent0$7.run(PlatformDependent0.java:410) ~[netty-common-4.1.84.Final.jar:4.1.84.Final]
	at java.security.AccessController.doPrivileged(Native Method) ~[?:?]
	at io.netty.util.internal.PlatformDependent0.<clinit>(PlatformDependent0.java:401) ~[netty-common-4.1.84.Final.jar:4.1.84.Final]
	at io.netty.util.internal.PlatformDependent.isAndroid(PlatformDependent.java:333) ~[netty-common-4.1.84.Final.jar:4.1.84.Final]
	at io.netty.util.internal.PlatformDependent.<clinit>(PlatformDependent.java:88) ~[netty-common-4.1.84.Final.jar:4.1.84.Final]
	at io.netty.util.HashedWheelTimer.<init>(HashedWheelTimer.java:114) ~[netty-common-4.1.84.Final.jar:4.1.84.Final]
	at io.netty.util.HashedWheelTimer.<init>(HashedWheelTimer.java:251) ~[netty-common-4.1.84.Final.jar:4.1.84.Final]
	at io.netty.util.HashedWheelTimer.<init>(HashedWheelTimer.java:224) ~[netty-common-4.1.84.Final.jar:4.1.84.Final]
	at io.netty.util.HashedWheelTimer.<init>(HashedWheelTimer.java:203) ~[netty-common-4.1.84.Final.jar:4.1.84.Final]
	at org.asynchttpclient.DefaultAsyncHttpClient.newNettyTimer(DefaultAsyncHttpClient.java:111) ~[async-http-client-2.12.3.jar:?]
	at org.asynchttpclient.DefaultAsyncHttpClient.<init>(DefaultAsyncHttpClient.java:90) ~[async-http-client-2.12.3.jar:?]
	at org.asynchttpclient.Dsl.asyncHttpClient(Dsl.java:32) ~[async-http-client-2.12.3.jar:?]
	at org.openqa.selenium.remote.http.netty.NettyClient.createHttpClient(NettyClient.java:94) ~[selenium-remote-driver-4.7.1.jar:?]
	at org.openqa.selenium.remote.http.netty.NettyClient.<clinit>(NettyClient.java:47) ~[selenium-remote-driver-4.7.1.jar:?]
	at org.openqa.selenium.remote.http.netty.NettyClient$Factory.createClient(NettyClient.java:135) ~[selenium-remote-driver-4.7.1.jar:?]
	at org.openqa.selenium.remote.tracing.TracedHttpClient$Factory.createClient(TracedHttpClient.java:77) ~[selenium-remote-driver-4.7.1.jar:?]
	at org.openqa.selenium.remote.HttpCommandExecutor.<init>(HttpCommandExecutor.java:107) ~[selenium-remote-driver-4.7.1.jar:?]
	at org.openqa.selenium.remote.RemoteWebDriver.createExecutor(RemoteWebDriver.java:186) ~[selenium-remote-driver-4.7.1.jar:?]
	at org.openqa.selenium.remote.RemoteWebDriver.<init>(RemoteWebDriver.java:141) ~[selenium-remote-driver-4.7.1.jar:?]
	at org.gui.pages.HomePageTest.SearchBag(HomePageTest.java:39) ~[test-classes/:?]
	at jdk.internal.reflect.NativeMethodAccessorImpl.invoke0(Native Method) ~[?:?]
	at jdk.internal.reflect.NativeMethodAccessorImpl.invoke(NativeMethodAccessorImpl.java:62) ~[?:?]
	at jdk.internal.reflect.DelegatingMethodAccessorImpl.invoke(DelegatingMethodAccessorImpl.java:43) ~[?:?]
	at java.lang.reflect.Method.invoke(Method.java:566) ~[?:?]
	at org.testng.internal.invokers.MethodInvocationHelper.invokeMethod(MethodInvocationHelper.java:139) ~[testng-7.7.0.jar:7.7.0]
	at org.testng.internal.invokers.TestInvoker.invokeMethod(TestInvoker.java:677) ~[testng-7.7.0.jar:7.7.0]
	at org.testng.internal.invokers.TestInvoker.invokeTestMethod(TestInvoker.java:221) ~[testng-7.7.0.jar:7.7.0]
	at org.testng.internal.invokers.MethodRunner.runInSequence(MethodRunner.java:50) ~[testng-7.7.0.jar:7.7.0]
	at org.testng.internal.invokers.TestInvoker$MethodInvocationAgent.invoke(TestInvoker.java:969) ~[testng-7.7.0.jar:7.7.0]
	at org.testng.internal.invokers.TestInvoker.invokeTestMethods(TestInvoker.java:194) ~[testng-7.7.0.jar:7.7.0]
	at org.testng.internal.invokers.TestMethodWorker.invokeTestMethods(TestMethodWorker.java:148) ~[testng-7.7.0.jar:7.7.0]
	at org.testng.internal.invokers.TestMethodWorker.run(TestMethodWorker.java:128) ~[testng-7.7.0.jar:7.7.0]
	at java.util.concurrent.ThreadPoolExecutor.runWorker(ThreadPoolExecutor.java:1128) ~[?:?]
	at java.util.concurrent.ThreadPoolExecutor$Worker.run(ThreadPoolExecutor.java:628) ~[?:?]
	at java.lang.Thread.run(Thread.java:829) ~[?:?]
2022-12-14 21:12:36,388 DEBUG i.n.u.i.PlatformDependent0 [TestNG-test=HomePage-1] java.nio.DirectByteBuffer.<init>(long, int): unavailable
2022-12-14 21:12:36,388 DEBUG i.n.u.i.PlatformDependent [TestNG-test=HomePage-1] sun.misc.Unsafe: available
2022-12-14 21:12:36,388 DEBUG i.n.u.i.PlatformDependent [TestNG-test=HomePage-1] maxDirectMemory: 4294967296 bytes (maybe)
2022-12-14 21:12:36,388 DEBUG i.n.u.i.PlatformDependent [TestNG-test=HomePage-1] -Dio.netty.tmpdir: /var/folders/t5/x0mgb2c53hgfrsyg0p8l53040000gn/T (java.io.tmpdir)
2022-12-14 21:12:36,389 DEBUG i.n.u.i.PlatformDependent [TestNG-test=HomePage-1] -Dio.netty.bitMode: 64 (sun.arch.data.model)
2022-12-14 21:12:36,389 DEBUG i.n.u.i.PlatformDependent [TestNG-test=HomePage-1] Platform: MacOS
2022-12-14 21:12:36,389 DEBUG i.n.u.i.PlatformDependent [TestNG-test=HomePage-1] -Dio.netty.maxDirectMemory: -1 bytes
2022-12-14 21:12:36,389 DEBUG i.n.u.i.PlatformDependent [TestNG-test=HomePage-1] -Dio.netty.uninitializedArrayAllocationThreshold: -1
2022-12-14 21:12:36,390 DEBUG i.n.u.i.CleanerJava9 [TestNG-test=HomePage-1] java.nio.ByteBuffer.cleaner(): available
2022-12-14 21:12:36,390 DEBUG i.n.u.i.PlatformDependent [TestNG-test=HomePage-1] -Dio.netty.noPreferDirect: false
2022-12-14 21:12:36,393 DEBUG i.n.u.i.PlatformDependent$Mpsc [TestNG-test=HomePage-1] org.jctools-core.MpscChunkedArrayQueue: available
2022-12-14 21:12:36,400 DEBUG i.n.u.i.InternalThreadLocalMap [TestNG-test=HomePage-1] -Dio.netty.threadLocalMap.stringBuilder.initialSize: 1024
2022-12-14 21:12:36,401 DEBUG i.n.u.i.InternalThreadLocalMap [TestNG-test=HomePage-1] -Dio.netty.threadLocalMap.stringBuilder.maxSize: 4096
2022-12-14 21:12:36,462 DEBUG i.n.h.s.JdkSslContext [TestNG-test=HomePage-1] Default protocols (JDK): [TLSv1.3, TLSv1.2, TLSv1.1, TLSv1] 
2022-12-14 21:12:36,463 DEBUG i.n.h.s.JdkSslContext [TestNG-test=HomePage-1] Default cipher suites (JDK): [TLS_ECDHE_ECDSA_WITH_AES_256_GCM_SHA384, TLS_ECDHE_ECDSA_WITH_AES_128_GCM_SHA256, TLS_ECDHE_RSA_WITH_AES_128_GCM_SHA256, TLS_ECDHE_RSA_WITH_AES_256_GCM_SHA384, TLS_ECDHE_RSA_WITH_AES_128_CBC_SHA, TLS_ECDHE_RSA_WITH_AES_256_CBC_SHA, TLS_RSA_WITH_AES_128_GCM_SHA256, TLS_RSA_WITH_AES_128_CBC_SHA, TLS_RSA_WITH_AES_256_CBC_SHA, TLS_AES_128_GCM_SHA256, TLS_AES_256_GCM_SHA384]
2022-12-14 21:12:36,473 DEBUG i.n.c.MultithreadEventLoopGroup [TestNG-test=HomePage-1] -Dio.netty.eventLoopThreads: 16
2022-12-14 21:12:36,477 DEBUG i.n.c.n.NioEventLoop [TestNG-test=HomePage-1] -Dio.netty.noKeySetOptimization: false
2022-12-14 21:12:36,477 DEBUG i.n.c.n.NioEventLoop [TestNG-test=HomePage-1] -Dio.netty.selectorAutoRebuildThreshold: 512
2022-12-14 21:12:36,479 TRACE i.n.c.n.NioEventLoop [TestNG-test=HomePage-1] instrumented a special java.util.Set into: sun.nio.ch.KQueueSelectorImpl@5c1c8e6e
2022-12-14 21:12:36,480 TRACE i.n.c.n.NioEventLoop [TestNG-test=HomePage-1] instrumented a special java.util.Set into: sun.nio.ch.KQueueSelectorImpl@6b767d52
2022-12-14 21:12:36,480 TRACE i.n.c.n.NioEventLoop [TestNG-test=HomePage-1] instrumented a special java.util.Set into: sun.nio.ch.KQueueSelectorImpl@688347fe
2022-12-14 21:12:36,480 TRACE i.n.c.n.NioEventLoop [TestNG-test=HomePage-1] instrumented a special java.util.Set into: sun.nio.ch.KQueueSelectorImpl@22ada840
2022-12-14 21:12:36,480 TRACE i.n.c.n.NioEventLoop [TestNG-test=HomePage-1] instrumented a special java.util.Set into: sun.nio.ch.KQueueSelectorImpl@6c9888e8
2022-12-14 21:12:36,480 TRACE i.n.c.n.NioEventLoop [TestNG-test=HomePage-1] instrumented a special java.util.Set into: sun.nio.ch.KQueueSelectorImpl@34dcf4c4
2022-12-14 21:12:36,480 TRACE i.n.c.n.NioEventLoop [TestNG-test=HomePage-1] instrumented a special java.util.Set into: sun.nio.ch.KQueueSelectorImpl@4692e916
2022-12-14 21:12:36,481 TRACE i.n.c.n.NioEventLoop [TestNG-test=HomePage-1] instrumented a special java.util.Set into: sun.nio.ch.KQueueSelectorImpl@932a62c
2022-12-14 21:12:36,481 TRACE i.n.c.n.NioEventLoop [TestNG-test=HomePage-1] instrumented a special java.util.Set into: sun.nio.ch.KQueueSelectorImpl@2145b02a
2022-12-14 21:12:36,481 TRACE i.n.c.n.NioEventLoop [TestNG-test=HomePage-1] instrumented a special java.util.Set into: sun.nio.ch.KQueueSelectorImpl@726c0a12
2022-12-14 21:12:36,481 TRACE i.n.c.n.NioEventLoop [TestNG-test=HomePage-1] instrumented a special java.util.Set into: sun.nio.ch.KQueueSelectorImpl@23679710
2022-12-14 21:12:36,481 TRACE i.n.c.n.NioEventLoop [TestNG-test=HomePage-1] instrumented a special java.util.Set into: sun.nio.ch.KQueueSelectorImpl@3ff85696
2022-12-14 21:12:36,481 TRACE i.n.c.n.NioEventLoop [TestNG-test=HomePage-1] instrumented a special java.util.Set into: sun.nio.ch.KQueueSelectorImpl@33b065a3
2022-12-14 21:12:36,481 TRACE i.n.c.n.NioEventLoop [TestNG-test=HomePage-1] instrumented a special java.util.Set into: sun.nio.ch.KQueueSelectorImpl@211ec55d
2022-12-14 21:12:36,481 TRACE i.n.c.n.NioEventLoop [TestNG-test=HomePage-1] instrumented a special java.util.Set into: sun.nio.ch.KQueueSelectorImpl@3ede1979
2022-12-14 21:12:36,482 TRACE i.n.c.n.NioEventLoop [TestNG-test=HomePage-1] instrumented a special java.util.Set into: sun.nio.ch.KQueueSelectorImpl@43efa4d2
2022-12-14 21:12:36,491 DEBUG i.n.b.PooledByteBufAllocator [TestNG-test=HomePage-1] -Dio.netty.allocator.numHeapArenas: 16
2022-12-14 21:12:36,491 DEBUG i.n.b.PooledByteBufAllocator [TestNG-test=HomePage-1] -Dio.netty.allocator.numDirectArenas: 16
2022-12-14 21:12:36,491 DEBUG i.n.b.PooledByteBufAllocator [TestNG-test=HomePage-1] -Dio.netty.allocator.pageSize: 8192
2022-12-14 21:12:36,491 DEBUG i.n.b.PooledByteBufAllocator [TestNG-test=HomePage-1] -Dio.netty.allocator.maxOrder: 9
2022-12-14 21:12:36,491 DEBUG i.n.b.PooledByteBufAllocator [TestNG-test=HomePage-1] -Dio.netty.allocator.chunkSize: 4194304
2022-12-14 21:12:36,491 DEBUG i.n.b.PooledByteBufAllocator [TestNG-test=HomePage-1] -Dio.netty.allocator.smallCacheSize: 256
2022-12-14 21:12:36,491 DEBUG i.n.b.PooledByteBufAllocator [TestNG-test=HomePage-1] -Dio.netty.allocator.normalCacheSize: 64
2022-12-14 21:12:36,491 DEBUG i.n.b.PooledByteBufAllocator [TestNG-test=HomePage-1] -Dio.netty.allocator.maxCachedBufferCapacity: 32768
2022-12-14 21:12:36,491 DEBUG i.n.b.PooledByteBufAllocator [TestNG-test=HomePage-1] -Dio.netty.allocator.cacheTrimInterval: 8192
2022-12-14 21:12:36,491 DEBUG i.n.b.PooledByteBufAllocator [TestNG-test=HomePage-1] -Dio.netty.allocator.cacheTrimIntervalMillis: 0
2022-12-14 21:12:36,492 DEBUG i.n.b.PooledByteBufAllocator [TestNG-test=HomePage-1] -Dio.netty.allocator.useCacheForAllThreads: false
2022-12-14 21:12:36,492 DEBUG i.n.b.PooledByteBufAllocator [TestNG-test=HomePage-1] -Dio.netty.allocator.maxCachedByteBuffersPerChunk: 1023
2022-12-14 21:12:36,496 DEBUG i.n.b.ByteBufUtil [TestNG-test=HomePage-1] -Dio.netty.allocator.type: pooled
2022-12-14 21:12:36,496 DEBUG i.n.b.ByteBufUtil [TestNG-test=HomePage-1] -Dio.netty.threadLocalDirectBufferSize: 0
2022-12-14 21:12:36,496 DEBUG i.n.b.ByteBufUtil [TestNG-test=HomePage-1] -Dio.netty.maxThreadLocalCharBufferSize: 16384
2022-12-14 21:12:36,605 DEBUG i.n.c.DefaultChannelId [Forwarding newSession on session null to remote] -Dio.netty.processId: 2190 (auto-detected)
2022-12-14 21:12:36,606 DEBUG i.n.u.NetUtil [Forwarding newSession on session null to remote] -Djava.net.preferIPv4Stack: false
2022-12-14 21:12:36,607 DEBUG i.n.u.NetUtil [Forwarding newSession on session null to remote] -Djava.net.preferIPv6Addresses: false
2022-12-14 21:12:36,610 DEBUG i.n.u.NetUtilInitializations [Forwarding newSession on session null to remote] Loopback interface: lo0 (lo0, 0:0:0:0:0:0:0:1%lo0)
2022-12-14 21:12:36,610 DEBUG i.n.u.NetUtil$SoMaxConnAction [Forwarding newSession on session null to remote] Failed to get SOMAXCONN from sysctl and file /proc/sys/net/core/somaxconn. Default: 128
2022-12-14 21:12:36,612 DEBUG i.n.c.DefaultChannelId [Forwarding newSession on session null to remote] -Dio.netty.machineId: c8:89:f3:ff:fe:e7:76:98 (auto-detected)
2022-12-14 21:12:36,635 DEBUG i.n.b.AbstractByteBuf [AsyncHttpClient-1-2] -Dio.netty.buffer.checkAccessible: true
2022-12-14 21:12:36,636 DEBUG i.n.b.AbstractByteBuf [AsyncHttpClient-1-2] -Dio.netty.buffer.checkBounds: true
2022-12-14 21:12:36,636 DEBUG i.n.u.ResourceLeakDetectorFactory$DefaultResourceLeakDetectorFactory [AsyncHttpClient-1-2] Loaded default ResourceLeakDetector: io.netty.util.ResourceLeakDetector@36732df1
2022-12-14 21:12:36,646 DEBUG i.n.u.Recycler [AsyncHttpClient-1-2] -Dio.netty.recycler.maxCapacityPerThread: 4096
2022-12-14 21:12:36,646 DEBUG i.n.u.Recycler [AsyncHttpClient-1-2] -Dio.netty.recycler.ratio: 8
2022-12-14 21:12:36,646 DEBUG i.n.u.Recycler [AsyncHttpClient-1-2] -Dio.netty.recycler.chunkSize: 32
2022-12-14 21:12:36,646 DEBUG i.n.u.Recycler [AsyncHttpClient-1-2] -Dio.netty.recycler.blocking: false
2022-12-14 21:12:37,629 DEBUG i.n.h.c.c.Brotli [AsyncHttpClient-1-3] brotli4j not in the classpath; Brotli support will be unavailable.
2022-12-14 21:12:38,599 DEBUG i.n.u.i.ThreadLocalRandom [TestNG-test=HomePage-2] -Dio.netty.initialSeedUniquifier: 0x2b49425a4bb92df6
2022-12-14 21:12:58,540 INFO o.g.p.HomePage [TestNG-test=HomePage-1] Couture Sport Mini Box Bag
Puma Black-Puma White-AOP
2022-12-14 21:12:58,547 INFO o.g.p.HomePage [TestNG-test=HomePage-1] Accelerator Duffle Bag
BLACK
2022-12-14 21:12:58,554 INFO o.g.p.HomePage [TestNG-test=HomePage-1] Convertible Bucket Shoulder Bag 2.0
PINK/BLACK
2022-12-14 21:12:58,560 INFO o.g.p.HomePage [TestNG-test=HomePage-1] Convertible Bucket Shoulder Bag 2.0
Black/White
2022-12-14 21:12:58,567 INFO o.g.p.HomePage [TestNG-test=HomePage-1] Medium Training Sports Bag
Puma Black
2022-12-14 21:12:58,574 INFO o.g.p.HomePage [TestNG-test=HomePage-1] BMW M Motorsport Small Portable Bag
Puma Black
2022-12-14 21:12:58,581 INFO o.g.p.HomePage [TestNG-test=HomePage-1] ProCat Duffel Bag
GREY/GREEN
2022-12-14 21:12:58,589 INFO o.g.p.HomePage [TestNG-test=HomePage-1] Essentials Training Barrel Bag
Puma Black
2022-12-14 21:12:58,596 INFO o.g.p.HomePage [TestNG-test=HomePage-1] Axis Compact Portable Bag
Puma Black
2022-12-14 21:12:58,602 INFO o.g.p.HomePage [TestNG-test=HomePage-1] Edge Compact Portable Bag
Puma Black
2022-12-14 21:12:58,609 INFO o.g.p.HomePage [TestNG-test=HomePage-1] Originals Mini Box Bag
Puma Black
2022-12-14 21:12:58,616 INFO o.g.p.HomePage [TestNG-test=HomePage-1] PUMA x CLOUD9 Gaming Bag
Parisian Night
2022-12-14 21:12:58,623 INFO o.g.p.HomePage [TestNG-test=HomePage-1] Originals Mini Box Bag
Metallic Silver
2022-12-14 21:12:58,630 INFO o.g.p.HomePage [TestNG-test=HomePage-1] PUMA Sense Multi Pouch Bag
Rose Quartz
2022-12-14 21:12:58,636 INFO o.g.p.HomePage [TestNG-test=HomePage-1] PUMA x DUA LIPA Grip Bag
Puma Black-Poppy Red-Light Aqua
2022-12-14 21:12:58,643 INFO o.g.p.HomePage [TestNG-test=HomePage-1] Essentials Training Barrel Bag
Varsity Green
2022-12-14 21:12:58,650 INFO o.g.p.HomePage [TestNG-test=HomePage-1] Prime Time Multi Pouch Bag
Mauve Pop
2022-12-14 21:12:58,656 INFO o.g.p.HomePage [TestNG-test=HomePage-1] Prime Time Multi Pouch Bag
Puma Black
2022-12-14 21:12:58,663 INFO o.g.p.HomePage [TestNG-test=HomePage-1] Essentials Story Pack Training Barrel Bag
Puma Black-Deco Glam
2022-12-14 21:12:58,670 INFO o.g.p.HomePage [TestNG-test=HomePage-1] Prime Time Cube Wristlet Bag
Mauve Pop
2022-12-14 21:12:58,676 INFO o.g.p.HomePage [TestNG-test=HomePage-1] Prime Time Cube Wristlet Bag
Puma Black
2022-12-14 21:12:58,682 INFO o.g.p.HomePage [TestNG-test=HomePage-1] Prime Time Crossbody Bag
Puma Black
2022-12-14 21:12:58,690 INFO o.g.p.HomePage [TestNG-test=HomePage-1] Prime Time Crossbody Bag
Mauve Pop
2022-12-14 21:12:58,696 INFO o.g.p.HomePage [TestNG-test=HomePage-1] Accelerator Duffle Bag
BLACK / GREY
2022-12-14 21:12:58,701 TRACE i.n.h.c.h.w.WebSocket08FrameEncoder [AsyncHttpClient-1-9] Encoding WebSocket Frame opCode=8 length=26
2022-12-14 21:12:58,702 TRACE i.n.h.c.h.w.WebSocket08FrameEncoder [AsyncHttpClient-1-9] Encoding WebSocket Frame opCode=8 length=26
2022-12-14 21:13:14,197 INFO o.g.p.HomePage [TestNG-test=HomePage-2] Couture Sport Mini Box Bag
Puma Black-Puma White-AOP
2022-12-14 21:13:14,232 INFO o.g.p.HomePage [TestNG-test=HomePage-2] Accelerator Duffle Bag
BLACK
2022-12-14 21:13:14,239 INFO o.g.p.HomePage [TestNG-test=HomePage-2] Convertible Bucket Shoulder Bag 2.0
PINK/BLACK
2022-12-14 21:13:14,245 INFO o.g.p.HomePage [TestNG-test=HomePage-2] Convertible Bucket Shoulder Bag 2.0
Black/White
2022-12-14 21:13:14,251 INFO o.g.p.HomePage [TestNG-test=HomePage-2] Medium Training Sports Bag
Puma Black
2022-12-14 21:13:14,258 INFO o.g.p.HomePage [TestNG-test=HomePage-2] BMW M Motorsport Small Portable Bag
Puma Black
2022-12-14 21:13:14,266 INFO o.g.p.HomePage [TestNG-test=HomePage-2] ProCat Duffel Bag
GREY/GREEN
2022-12-14 21:13:14,273 INFO o.g.p.HomePage [TestNG-test=HomePage-2] Essentials Training Barrel Bag
Puma Black
2022-12-14 21:13:14,279 INFO o.g.p.HomePage [TestNG-test=HomePage-2] Axis Compact Portable Bag
Puma Black
2022-12-14 21:13:14,285 INFO o.g.p.HomePage [TestNG-test=HomePage-2] Edge Compact Portable Bag
Puma Black
2022-12-14 21:13:14,292 INFO o.g.p.HomePage [TestNG-test=HomePage-2] Originals Mini Box Bag
Puma Black
2022-12-14 21:13:14,298 INFO o.g.p.HomePage [TestNG-test=HomePage-2] PUMA x CLOUD9 Gaming Bag
Parisian Night
2022-12-14 21:13:14,306 INFO o.g.p.HomePage [TestNG-test=HomePage-2] Originals Mini Box Bag
Metallic Silver
2022-12-14 21:13:14,313 INFO o.g.p.HomePage [TestNG-test=HomePage-2] PUMA Sense Multi Pouch Bag
Rose Quartz
2022-12-14 21:13:14,321 INFO o.g.p.HomePage [TestNG-test=HomePage-2] PUMA x DUA LIPA Grip Bag
Puma Black-Poppy Red-Light Aqua
2022-12-14 21:13:14,328 INFO o.g.p.HomePage [TestNG-test=HomePage-2] Essentials Training Barrel Bag
Varsity Green
2022-12-14 21:13:14,341 INFO o.g.p.HomePage [TestNG-test=HomePage-2] Prime Time Multi Pouch Bag
Mauve Pop
2022-12-14 21:13:14,350 INFO o.g.p.HomePage [TestNG-test=HomePage-2] Prime Time Multi Pouch Bag
Puma Black
2022-12-14 21:13:14,357 INFO o.g.p.HomePage [TestNG-test=HomePage-2] Essentials Story Pack Training Barrel Bag
Puma Black-Deco Glam
2022-12-14 21:13:14,364 INFO o.g.p.HomePage [TestNG-test=HomePage-2] Prime Time Cube Wristlet Bag
Mauve Pop
2022-12-14 21:13:14,371 INFO o.g.p.HomePage [TestNG-test=HomePage-2] Prime Time Cube Wristlet Bag
Puma Black
2022-12-14 21:13:14,379 INFO o.g.p.HomePage [TestNG-test=HomePage-2] Prime Time Crossbody Bag
Puma Black
2022-12-14 21:13:14,385 INFO o.g.p.HomePage [TestNG-test=HomePage-2] Prime Time Crossbody Bag
Mauve Pop
2022-12-14 21:13:14,391 INFO o.g.p.HomePage [TestNG-test=HomePage-2] Accelerator Duffle Bag
BLACK / GREY
2022-12-14 21:13:14,394 TRACE i.n.h.c.h.w.WebSocket08FrameEncoder [AsyncHttpClient-1-7] Encoding WebSocket Frame opCode=8 length=26
2022-12-14 21:13:14,394 TRACE i.n.h.c.h.w.WebSocket08FrameEncoder [AsyncHttpClient-1-7] Encoding WebSocket Frame opCode=8 length=26
