2022-12-14 13:25:57,291 DEBUG i.n.u.i.l.InternalLoggerFactory [main] Using Log4J2 as the default logging framework
2022-12-14 13:25:57,295 DEBUG i.n.u.ResourceLeakDetector [main] -Dio.netty.leakDetection.level: simple
2022-12-14 13:25:57,295 DEBUG i.n.u.ResourceLeakDetector [main] -Dio.netty.leakDetection.targetRecords: 4
2022-12-14 13:25:57,297 DEBUG i.n.u.ResourceLeakDetectorFactory$DefaultResourceLeakDetectorFactory [main] Loaded default ResourceLeakDetector: io.netty.util.ResourceLeakDetector@5bca7664
2022-12-14 13:25:57,305 DEBUG i.n.u.i.PlatformDependent0 [main] -Dio.netty.noUnsafe: false
2022-12-14 13:25:57,305 DEBUG i.n.u.i.PlatformDependent0 [main] Java version: 11
2022-12-14 13:25:57,306 DEBUG i.n.u.i.PlatformDependent0 [main] sun.misc.Unsafe.theUnsafe: available
2022-12-14 13:25:57,307 DEBUG i.n.u.i.PlatformDependent0 [main] sun.misc.Unsafe.copyMemory: available
2022-12-14 13:25:57,307 DEBUG i.n.u.i.PlatformDependent0 [main] sun.misc.Unsafe.storeFence: available
2022-12-14 13:25:57,307 DEBUG i.n.u.i.PlatformDependent0 [main] java.nio.Buffer.address: available
2022-12-14 13:25:57,308 DEBUG i.n.u.i.PlatformDependent0 [main] direct buffer constructor: unavailable
java.lang.UnsupportedOperationException: Reflective setAccessible(true) disabled
	at io.netty.util.internal.ReflectionUtil.trySetAccessible(ReflectionUtil.java:31) ~[netty-common-4.1.84.Final.jar:4.1.84.Final]
	at io.netty.util.internal.PlatformDependent0$5.run(PlatformDependent0.java:288) ~[netty-common-4.1.84.Final.jar:4.1.84.Final]
	at java.security.AccessController.doPrivileged(Native Method) ~[?:?]
	at io.netty.util.internal.PlatformDependent0.<clinit>(PlatformDependent0.java:282) ~[netty-common-4.1.84.Final.jar:4.1.84.Final]
	at io.netty.util.internal.PlatformDependent.isAndroid(PlatformDependent.java:333) ~[netty-common-4.1.84.Final.jar:4.1.84.Final]
	at io.netty.util.internal.PlatformDependent.<clinit>(PlatformDependent.java:88) ~[netty-common-4.1.84.Final.jar:4.1.84.Final]
	at io.netty.util.HashedWheelTimer.<init>(HashedWheelTimer.java:114) ~[netty-common-4.1.84.Final.jar:4.1.84.Final]
	at io.netty.util.HashedWheelTimer.<init>(HashedWheelTimer.java:251) ~[netty-common-4.1.84.Final.jar:4.1.84.Final]
	at io.netty.util.HashedWheelTimer.<init>(HashedWheelTimer.java:224) ~[netty-common-4.1.84.Final.jar:4.1.84.Final]
	at io.netty.util.HashedWheelTimer.<init>(HashedWheelTimer.java:203) ~[netty-common-4.1.84.Final.jar:4.1.84.Final]
	at org.asynchttpclient.DefaultAsyncHttpClient.newNettyTimer(DefaultAsyncHttpClient.java:111) ~[async-http-client-2.12.3.jar:?]
	at org.asynchttpclient.DefaultAsyncHttpClient.<init>(DefaultAsyncHttpClient.java:90) ~[async-http-client-2.12.3.jar:?]
	at org.asynchttpclient.Dsl.asyncHttpClient(Dsl.java:32) ~[async-http-client-2.12.3.jar:?]
	at org.openqa.selenium.remote.http.netty.NettyClient.createHttpClient(NettyClient.java:94) ~[selenium-remote-driver-4.7.1.jar:?]
	at org.openqa.selenium.remote.http.netty.NettyClient.<clinit>(NettyClient.java:47) ~[selenium-remote-driver-4.7.1.jar:?]
	at org.openqa.selenium.remote.http.netty.NettyClient$Factory.createClient(NettyClient.java:135) ~[selenium-remote-driver-4.7.1.jar:?]
	at org.openqa.selenium.remote.HttpCommandExecutor.<init>(HttpCommandExecutor.java:107) ~[selenium-remote-driver-4.7.1.jar:?]
	at org.openqa.selenium.remote.HttpCommandExecutor.<init>(HttpCommandExecutor.java:94) ~[selenium-remote-driver-4.7.1.jar:?]
	at org.openqa.selenium.remote.HttpCommandExecutor.<init>(HttpCommandExecutor.java:85) ~[selenium-remote-driver-4.7.1.jar:?]
	at org.openqa.selenium.remote.service.DriverCommandExecutor.<init>(DriverCommandExecutor.java:80) ~[selenium-remote-driver-4.7.1.jar:?]
	at org.openqa.selenium.chromium.ChromiumDriverCommandExecutor.<init>(ChromiumDriverCommandExecutor.java:35) ~[selenium-chromium-driver-4.7.1.jar:?]
	at org.openqa.selenium.chrome.ChromeDriver$ChromeDriverCommandExecutor.<init>(ChromeDriver.java:93) ~[selenium-chrome-driver-4.7.1.jar:?]
	at org.openqa.selenium.chrome.ChromeDriver.<init>(ChromeDriver.java:81) ~[selenium-chrome-driver-4.7.1.jar:?]
	at org.openqa.selenium.chrome.ChromeDriver.<init>(ChromeDriver.java:49) ~[selenium-chrome-driver-4.7.1.jar:?]
	at org.gui.pages.HomePage.open(HomePage.java:30) ~[classes/:?]
	at org.gui.pages.HomePageTest.SearchBags(HomePageTest.java:12) ~[test-classes/:?]
	at jdk.internal.reflect.NativeMethodAccessorImpl.invoke0(Native Method) ~[?:?]
	at jdk.internal.reflect.NativeMethodAccessorImpl.invoke(NativeMethodAccessorImpl.java:62) ~[?:?]
	at jdk.internal.reflect.DelegatingMethodAccessorImpl.invoke(DelegatingMethodAccessorImpl.java:43) ~[?:?]
	at java.lang.reflect.Method.invoke(Method.java:566) ~[?:?]
	at org.testng.internal.invokers.MethodInvocationHelper.invokeMethod(MethodInvocationHelper.java:139) ~[testng-7.7.0.jar:7.7.0]
	at org.testng.internal.invokers.TestInvoker.invokeMethod(TestInvoker.java:677) ~[testng-7.7.0.jar:7.7.0]
	at org.testng.internal.invokers.TestInvoker.invokeTestMethod(TestInvoker.java:221) ~[testng-7.7.0.jar:7.7.0]
	at org.testng.internal.invokers.MethodRunner.runInSequence(MethodRunner.java:50) ~[testng-7.7.0.jar:7.7.0]
	at org.testng.internal.invokers.TestInvoker$MethodInvocationAgent.invoke(TestInvoker.java:969) ~[testng-7.7.0.jar:7.7.0]
	at org.testng.internal.invokers.TestInvoker.invokeTestMethods(TestInvoker.java:194) ~[testng-7.7.0.jar:7.7.0]
	at org.testng.internal.invokers.TestMethodWorker.invokeTestMethods(TestMethodWorker.java:148) ~[testng-7.7.0.jar:7.7.0]
	at org.testng.internal.invokers.TestMethodWorker.run(TestMethodWorker.java:128) ~[testng-7.7.0.jar:7.7.0]
	at java.util.ArrayList.forEach(ArrayList.java:1541) ~[?:?]
	at org.testng.TestRunner.privateRun(TestRunner.java:829) ~[testng-7.7.0.jar:7.7.0]
	at org.testng.TestRunner.run(TestRunner.java:602) ~[testng-7.7.0.jar:7.7.0]
	at org.testng.SuiteRunner.runTest(SuiteRunner.java:437) ~[testng-7.7.0.jar:7.7.0]
	at org.testng.SuiteRunner.runSequentially(SuiteRunner.java:431) ~[testng-7.7.0.jar:7.7.0]
	at org.testng.SuiteRunner.privateRun(SuiteRunner.java:391) ~[testng-7.7.0.jar:7.7.0]
	at org.testng.SuiteRunner.run(SuiteRunner.java:330) ~[testng-7.7.0.jar:7.7.0]
	at org.testng.SuiteRunnerWorker.runSuite(SuiteRunnerWorker.java:52) ~[testng-7.7.0.jar:7.7.0]
	at org.testng.SuiteRunnerWorker.run(SuiteRunnerWorker.java:95) ~[testng-7.7.0.jar:7.7.0]
	at org.testng.TestNG.runSuitesSequentially(TestNG.java:1256) ~[testng-7.7.0.jar:7.7.0]
	at org.testng.TestNG.runSuitesLocally(TestNG.java:1176) ~[testng-7.7.0.jar:7.7.0]
	at org.testng.TestNG.runSuites(TestNG.java:1099) ~[testng-7.7.0.jar:7.7.0]
	at org.testng.TestNG.run(TestNG.java:1067) ~[testng-7.7.0.jar:7.7.0]
	at com.intellij.rt.testng.IDEARemoteTestNG.run(IDEARemoteTestNG.java:66) ~[testng-rt.jar:?]
	at com.intellij.rt.testng.RemoteTestNGStarter.main(RemoteTestNGStarter.java:109) ~[testng-rt.jar:?]
2022-12-14 13:25:57,311 DEBUG i.n.u.i.PlatformDependent0 [main] java.nio.Bits.unaligned: available, true
2022-12-14 13:25:57,311 DEBUG i.n.u.i.PlatformDependent0 [main] jdk.internal.misc.Unsafe.allocateUninitializedArray(int): unavailable
java.lang.IllegalAccessException: class io.netty.util.internal.PlatformDependent0$7 cannot access class jdk.internal.misc.Unsafe (in module java.base) because module java.base does not export jdk.internal.misc to unnamed module @dcc6211
	at jdk.internal.reflect.Reflection.newIllegalAccessException(Reflection.java:361) ~[?:?]
	at java.lang.reflect.AccessibleObject.checkAccess(AccessibleObject.java:591) ~[?:?]
	at java.lang.reflect.Method.invoke(Method.java:558) ~[?:?]
	at io.netty.util.internal.PlatformDependent0$7.run(PlatformDependent0.java:410) ~[netty-common-4.1.84.Final.jar:4.1.84.Final]
	at java.security.AccessController.doPrivileged(Native Method) ~[?:?]
	at io.netty.util.internal.PlatformDependent0.<clinit>(PlatformDependent0.java:401) ~[netty-common-4.1.84.Final.jar:4.1.84.Final]
	at io.netty.util.internal.PlatformDependent.isAndroid(PlatformDependent.java:333) ~[netty-common-4.1.84.Final.jar:4.1.84.Final]
	at io.netty.util.internal.PlatformDependent.<clinit>(PlatformDependent.java:88) ~[netty-common-4.1.84.Final.jar:4.1.84.Final]
	at io.netty.util.HashedWheelTimer.<init>(HashedWheelTimer.java:114) ~[netty-common-4.1.84.Final.jar:4.1.84.Final]
	at io.netty.util.HashedWheelTimer.<init>(HashedWheelTimer.java:251) ~[netty-common-4.1.84.Final.jar:4.1.84.Final]
	at io.netty.util.HashedWheelTimer.<init>(HashedWheelTimer.java:224) ~[netty-common-4.1.84.Final.jar:4.1.84.Final]
	at io.netty.util.HashedWheelTimer.<init>(HashedWheelTimer.java:203) ~[netty-common-4.1.84.Final.jar:4.1.84.Final]
	at org.asynchttpclient.DefaultAsyncHttpClient.newNettyTimer(DefaultAsyncHttpClient.java:111) ~[async-http-client-2.12.3.jar:?]
	at org.asynchttpclient.DefaultAsyncHttpClient.<init>(DefaultAsyncHttpClient.java:90) ~[async-http-client-2.12.3.jar:?]
	at org.asynchttpclient.Dsl.asyncHttpClient(Dsl.java:32) ~[async-http-client-2.12.3.jar:?]
	at org.openqa.selenium.remote.http.netty.NettyClient.createHttpClient(NettyClient.java:94) ~[selenium-remote-driver-4.7.1.jar:?]
	at org.openqa.selenium.remote.http.netty.NettyClient.<clinit>(NettyClient.java:47) ~[selenium-remote-driver-4.7.1.jar:?]
	at org.openqa.selenium.remote.http.netty.NettyClient$Factory.createClient(NettyClient.java:135) ~[selenium-remote-driver-4.7.1.jar:?]
	at org.openqa.selenium.remote.HttpCommandExecutor.<init>(HttpCommandExecutor.java:107) ~[selenium-remote-driver-4.7.1.jar:?]
	at org.openqa.selenium.remote.HttpCommandExecutor.<init>(HttpCommandExecutor.java:94) ~[selenium-remote-driver-4.7.1.jar:?]
	at org.openqa.selenium.remote.HttpCommandExecutor.<init>(HttpCommandExecutor.java:85) ~[selenium-remote-driver-4.7.1.jar:?]
	at org.openqa.selenium.remote.service.DriverCommandExecutor.<init>(DriverCommandExecutor.java:80) ~[selenium-remote-driver-4.7.1.jar:?]
	at org.openqa.selenium.chromium.ChromiumDriverCommandExecutor.<init>(ChromiumDriverCommandExecutor.java:35) ~[selenium-chromium-driver-4.7.1.jar:?]
	at org.openqa.selenium.chrome.ChromeDriver$ChromeDriverCommandExecutor.<init>(ChromeDriver.java:93) ~[selenium-chrome-driver-4.7.1.jar:?]
	at org.openqa.selenium.chrome.ChromeDriver.<init>(ChromeDriver.java:81) ~[selenium-chrome-driver-4.7.1.jar:?]
	at org.openqa.selenium.chrome.ChromeDriver.<init>(ChromeDriver.java:49) ~[selenium-chrome-driver-4.7.1.jar:?]
	at org.gui.pages.HomePage.open(HomePage.java:30) ~[classes/:?]
	at org.gui.pages.HomePageTest.SearchBags(HomePageTest.java:12) ~[test-classes/:?]
	at jdk.internal.reflect.NativeMethodAccessorImpl.invoke0(Native Method) ~[?:?]
	at jdk.internal.reflect.NativeMethodAccessorImpl.invoke(NativeMethodAccessorImpl.java:62) ~[?:?]
	at jdk.internal.reflect.DelegatingMethodAccessorImpl.invoke(DelegatingMethodAccessorImpl.java:43) ~[?:?]
	at java.lang.reflect.Method.invoke(Method.java:566) ~[?:?]
	at org.testng.internal.invokers.MethodInvocationHelper.invokeMethod(MethodInvocationHelper.java:139) ~[testng-7.7.0.jar:7.7.0]
	at org.testng.internal.invokers.TestInvoker.invokeMethod(TestInvoker.java:677) ~[testng-7.7.0.jar:7.7.0]
	at org.testng.internal.invokers.TestInvoker.invokeTestMethod(TestInvoker.java:221) ~[testng-7.7.0.jar:7.7.0]
	at org.testng.internal.invokers.MethodRunner.runInSequence(MethodRunner.java:50) ~[testng-7.7.0.jar:7.7.0]
	at org.testng.internal.invokers.TestInvoker$MethodInvocationAgent.invoke(TestInvoker.java:969) ~[testng-7.7.0.jar:7.7.0]
	at org.testng.internal.invokers.TestInvoker.invokeTestMethods(TestInvoker.java:194) ~[testng-7.7.0.jar:7.7.0]
	at org.testng.internal.invokers.TestMethodWorker.invokeTestMethods(TestMethodWorker.java:148) ~[testng-7.7.0.jar:7.7.0]
	at org.testng.internal.invokers.TestMethodWorker.run(TestMethodWorker.java:128) ~[testng-7.7.0.jar:7.7.0]
	at java.util.ArrayList.forEach(ArrayList.java:1541) ~[?:?]
	at org.testng.TestRunner.privateRun(TestRunner.java:829) ~[testng-7.7.0.jar:7.7.0]
	at org.testng.TestRunner.run(TestRunner.java:602) ~[testng-7.7.0.jar:7.7.0]
	at org.testng.SuiteRunner.runTest(SuiteRunner.java:437) ~[testng-7.7.0.jar:7.7.0]
	at org.testng.SuiteRunner.runSequentially(SuiteRunner.java:431) ~[testng-7.7.0.jar:7.7.0]
	at org.testng.SuiteRunner.privateRun(SuiteRunner.java:391) ~[testng-7.7.0.jar:7.7.0]
	at org.testng.SuiteRunner.run(SuiteRunner.java:330) ~[testng-7.7.0.jar:7.7.0]
	at org.testng.SuiteRunnerWorker.runSuite(SuiteRunnerWorker.java:52) ~[testng-7.7.0.jar:7.7.0]
	at org.testng.SuiteRunnerWorker.run(SuiteRunnerWorker.java:95) ~[testng-7.7.0.jar:7.7.0]
	at org.testng.TestNG.runSuitesSequentially(TestNG.java:1256) ~[testng-7.7.0.jar:7.7.0]
	at org.testng.TestNG.runSuitesLocally(TestNG.java:1176) ~[testng-7.7.0.jar:7.7.0]
	at org.testng.TestNG.runSuites(TestNG.java:1099) ~[testng-7.7.0.jar:7.7.0]
	at org.testng.TestNG.run(TestNG.java:1067) ~[testng-7.7.0.jar:7.7.0]
	at com.intellij.rt.testng.IDEARemoteTestNG.run(IDEARemoteTestNG.java:66) ~[testng-rt.jar:?]
	at com.intellij.rt.testng.RemoteTestNGStarter.main(RemoteTestNGStarter.java:109) ~[testng-rt.jar:?]
2022-12-14 13:25:57,312 DEBUG i.n.u.i.PlatformDependent0 [main] java.nio.DirectByteBuffer.<init>(long, int): unavailable
2022-12-14 13:25:57,312 DEBUG i.n.u.i.PlatformDependent [main] sun.misc.Unsafe: available
2022-12-14 13:25:57,313 DEBUG i.n.u.i.PlatformDependent [main] maxDirectMemory: 4294967296 bytes (maybe)
2022-12-14 13:25:57,313 DEBUG i.n.u.i.PlatformDependent [main] -Dio.netty.tmpdir: /var/folders/t5/x0mgb2c53hgfrsyg0p8l53040000gn/T (java.io.tmpdir)
2022-12-14 13:25:57,313 DEBUG i.n.u.i.PlatformDependent [main] -Dio.netty.bitMode: 64 (sun.arch.data.model)
2022-12-14 13:25:57,313 DEBUG i.n.u.i.PlatformDependent [main] Platform: MacOS
2022-12-14 13:25:57,314 DEBUG i.n.u.i.PlatformDependent [main] -Dio.netty.maxDirectMemory: -1 bytes
2022-12-14 13:25:57,314 DEBUG i.n.u.i.PlatformDependent [main] -Dio.netty.uninitializedArrayAllocationThreshold: -1
2022-12-14 13:25:57,314 DEBUG i.n.u.i.CleanerJava9 [main] java.nio.ByteBuffer.cleaner(): available
2022-12-14 13:25:57,314 DEBUG i.n.u.i.PlatformDependent [main] -Dio.netty.noPreferDirect: false
2022-12-14 13:25:57,318 DEBUG i.n.u.i.PlatformDependent$Mpsc [main] org.jctools-core.MpscChunkedArrayQueue: available
2022-12-14 13:25:57,327 DEBUG i.n.u.i.InternalThreadLocalMap [main] -Dio.netty.threadLocalMap.stringBuilder.initialSize: 1024
2022-12-14 13:25:57,327 DEBUG i.n.u.i.InternalThreadLocalMap [main] -Dio.netty.threadLocalMap.stringBuilder.maxSize: 4096
2022-12-14 13:25:57,336 DEBUG i.n.h.s.JdkSslContext [main] Default protocols (JDK): [TLSv1.3, TLSv1.2, TLSv1.1, TLSv1] 
2022-12-14 13:25:57,337 DEBUG i.n.h.s.JdkSslContext [main] Default cipher suites (JDK): [TLS_ECDHE_ECDSA_WITH_AES_256_GCM_SHA384, TLS_ECDHE_ECDSA_WITH_AES_128_GCM_SHA256, TLS_ECDHE_RSA_WITH_AES_128_GCM_SHA256, TLS_ECDHE_RSA_WITH_AES_256_GCM_SHA384, TLS_ECDHE_RSA_WITH_AES_128_CBC_SHA, TLS_ECDHE_RSA_WITH_AES_256_CBC_SHA, TLS_RSA_WITH_AES_128_GCM_SHA256, TLS_RSA_WITH_AES_128_CBC_SHA, TLS_RSA_WITH_AES_256_CBC_SHA, TLS_AES_128_GCM_SHA256, TLS_AES_256_GCM_SHA384]
2022-12-14 13:25:57,349 DEBUG i.n.c.MultithreadEventLoopGroup [main] -Dio.netty.eventLoopThreads: 16
2022-12-14 13:25:57,353 DEBUG i.n.c.n.NioEventLoop [main] -Dio.netty.noKeySetOptimization: false
2022-12-14 13:25:57,353 DEBUG i.n.c.n.NioEventLoop [main] -Dio.netty.selectorAutoRebuildThreshold: 512
2022-12-14 13:25:57,356 TRACE i.n.c.n.NioEventLoop [main] instrumented a special java.util.Set into: sun.nio.ch.KQueueSelectorImpl@64693226
2022-12-14 13:25:57,356 TRACE i.n.c.n.NioEventLoop [main] instrumented a special java.util.Set into: sun.nio.ch.KQueueSelectorImpl@6e1b9411
2022-12-14 13:25:57,356 TRACE i.n.c.n.NioEventLoop [main] instrumented a special java.util.Set into: sun.nio.ch.KQueueSelectorImpl@21d1b321
2022-12-14 13:25:57,357 TRACE i.n.c.n.NioEventLoop [main] instrumented a special java.util.Set into: sun.nio.ch.KQueueSelectorImpl@5ec46cdd
2022-12-14 13:25:57,357 TRACE i.n.c.n.NioEventLoop [main] instrumented a special java.util.Set into: sun.nio.ch.KQueueSelectorImpl@2324bfe7
2022-12-14 13:25:57,357 TRACE i.n.c.n.NioEventLoop [main] instrumented a special java.util.Set into: sun.nio.ch.KQueueSelectorImpl@112d1c8e
2022-12-14 13:25:57,357 TRACE i.n.c.n.NioEventLoop [main] instrumented a special java.util.Set into: sun.nio.ch.KQueueSelectorImpl@3d49fd31
2022-12-14 13:25:57,357 TRACE i.n.c.n.NioEventLoop [main] instrumented a special java.util.Set into: sun.nio.ch.KQueueSelectorImpl@4016ccc1
2022-12-14 13:25:57,357 TRACE i.n.c.n.NioEventLoop [main] instrumented a special java.util.Set into: sun.nio.ch.KQueueSelectorImpl@46cb98a3
2022-12-14 13:25:57,357 TRACE i.n.c.n.NioEventLoop [main] instrumented a special java.util.Set into: sun.nio.ch.KQueueSelectorImpl@3ffb3598
2022-12-14 13:25:57,357 TRACE i.n.c.n.NioEventLoop [main] instrumented a special java.util.Set into: sun.nio.ch.KQueueSelectorImpl@4da9f723
2022-12-14 13:25:57,358 TRACE i.n.c.n.NioEventLoop [main] instrumented a special java.util.Set into: sun.nio.ch.KQueueSelectorImpl@3b2f4a93
2022-12-14 13:25:57,358 TRACE i.n.c.n.NioEventLoop [main] instrumented a special java.util.Set into: sun.nio.ch.KQueueSelectorImpl@213bd3d5
2022-12-14 13:25:57,358 TRACE i.n.c.n.NioEventLoop [main] instrumented a special java.util.Set into: sun.nio.ch.KQueueSelectorImpl@470a659f
2022-12-14 13:25:57,358 TRACE i.n.c.n.NioEventLoop [main] instrumented a special java.util.Set into: sun.nio.ch.KQueueSelectorImpl@451882b2
2022-12-14 13:25:57,358 TRACE i.n.c.n.NioEventLoop [main] instrumented a special java.util.Set into: sun.nio.ch.KQueueSelectorImpl@4a23350
2022-12-14 13:25:57,367 DEBUG i.n.b.PooledByteBufAllocator [main] -Dio.netty.allocator.numHeapArenas: 16
2022-12-14 13:25:57,367 DEBUG i.n.b.PooledByteBufAllocator [main] -Dio.netty.allocator.numDirectArenas: 16
2022-12-14 13:25:57,368 DEBUG i.n.b.PooledByteBufAllocator [main] -Dio.netty.allocator.pageSize: 8192
2022-12-14 13:25:57,368 DEBUG i.n.b.PooledByteBufAllocator [main] -Dio.netty.allocator.maxOrder: 9
2022-12-14 13:25:57,368 DEBUG i.n.b.PooledByteBufAllocator [main] -Dio.netty.allocator.chunkSize: 4194304
2022-12-14 13:25:57,368 DEBUG i.n.b.PooledByteBufAllocator [main] -Dio.netty.allocator.smallCacheSize: 256
2022-12-14 13:25:57,368 DEBUG i.n.b.PooledByteBufAllocator [main] -Dio.netty.allocator.normalCacheSize: 64
2022-12-14 13:25:57,368 DEBUG i.n.b.PooledByteBufAllocator [main] -Dio.netty.allocator.maxCachedBufferCapacity: 32768
2022-12-14 13:25:57,368 DEBUG i.n.b.PooledByteBufAllocator [main] -Dio.netty.allocator.cacheTrimInterval: 8192
2022-12-14 13:25:57,368 DEBUG i.n.b.PooledByteBufAllocator [main] -Dio.netty.allocator.cacheTrimIntervalMillis: 0
2022-12-14 13:25:57,368 DEBUG i.n.b.PooledByteBufAllocator [main] -Dio.netty.allocator.useCacheForAllThreads: false
2022-12-14 13:25:57,368 DEBUG i.n.b.PooledByteBufAllocator [main] -Dio.netty.allocator.maxCachedByteBuffersPerChunk: 1023
2022-12-14 13:25:57,373 DEBUG i.n.b.ByteBufUtil [main] -Dio.netty.allocator.type: pooled
2022-12-14 13:25:57,373 DEBUG i.n.b.ByteBufUtil [main] -Dio.netty.threadLocalDirectBufferSize: 0
2022-12-14 13:25:57,373 DEBUG i.n.b.ByteBufUtil [main] -Dio.netty.maxThreadLocalCharBufferSize: 16384
2022-12-14 13:25:57,539 DEBUG i.n.c.DefaultChannelId [Forwarding newSession on session null to remote] -Dio.netty.processId: 3421 (auto-detected)
2022-12-14 13:25:57,540 DEBUG i.n.u.NetUtil [Forwarding newSession on session null to remote] -Djava.net.preferIPv4Stack: false
2022-12-14 13:25:57,540 DEBUG i.n.u.NetUtil [Forwarding newSession on session null to remote] -Djava.net.preferIPv6Addresses: false
2022-12-14 13:25:57,543 DEBUG i.n.u.NetUtilInitializations [Forwarding newSession on session null to remote] Loopback interface: lo0 (lo0, 0:0:0:0:0:0:0:1%lo0)
2022-12-14 13:25:57,544 DEBUG i.n.u.NetUtil$SoMaxConnAction [Forwarding newSession on session null to remote] Failed to get SOMAXCONN from sysctl and file /proc/sys/net/core/somaxconn. Default: 128
2022-12-14 13:25:57,545 DEBUG i.n.c.DefaultChannelId [Forwarding newSession on session null to remote] -Dio.netty.machineId: c8:89:f3:ff:fe:e7:76:98 (auto-detected)
2022-12-14 13:25:57,569 DEBUG i.n.b.AbstractByteBuf [AsyncHttpClient-1-2] -Dio.netty.buffer.checkAccessible: true
2022-12-14 13:25:57,569 DEBUG i.n.b.AbstractByteBuf [AsyncHttpClient-1-2] -Dio.netty.buffer.checkBounds: true
2022-12-14 13:25:57,569 DEBUG i.n.u.ResourceLeakDetectorFactory$DefaultResourceLeakDetectorFactory [AsyncHttpClient-1-2] Loaded default ResourceLeakDetector: io.netty.util.ResourceLeakDetector@671f178
2022-12-14 13:25:57,581 DEBUG i.n.u.Recycler [AsyncHttpClient-1-2] -Dio.netty.recycler.maxCapacityPerThread: 4096
2022-12-14 13:25:57,582 DEBUG i.n.u.Recycler [AsyncHttpClient-1-2] -Dio.netty.recycler.ratio: 8
2022-12-14 13:25:57,582 DEBUG i.n.u.Recycler [AsyncHttpClient-1-2] -Dio.netty.recycler.chunkSize: 32
2022-12-14 13:25:57,582 DEBUG i.n.u.Recycler [AsyncHttpClient-1-2] -Dio.netty.recycler.blocking: false
2022-12-14 13:25:58,334 DEBUG i.n.h.c.c.Brotli [AsyncHttpClient-1-2] brotli4j not in the classpath; Brotli support will be unavailable.
2022-12-14 13:25:58,381 DEBUG i.n.u.i.ThreadLocalRandom [main] -Dio.netty.initialSeedUniquifier: 0x04766d8845e38b1c
2022-12-14 13:26:08,128 INFO o.g.p.HomePage [main] Convertible Bucket Shoulder Bag 2.0
Black/White
2022-12-14 13:26:08,135 INFO o.g.p.HomePage [main] Couture Sport Mini Box Bag
Puma Black-Puma White-AOP
2022-12-14 13:26:08,143 INFO o.g.p.HomePage [main] Accelerator Duffle Bag
BLACK
2022-12-14 13:26:08,150 INFO o.g.p.HomePage [main] Convertible Bucket Shoulder Bag 2.0
PINK/BLACK
2022-12-14 13:26:08,157 INFO o.g.p.HomePage [main] Medium Training Sports Bag
Puma Black
2022-12-14 13:26:08,163 INFO o.g.p.HomePage [main] BMW M Motorsport Small Portable Bag
Puma Black
2022-12-14 13:26:08,177 INFO o.g.p.HomePage [main] ProCat Duffel Bag
GREY/GREEN
2022-12-14 13:26:08,184 INFO o.g.p.HomePage [main] Axis Compact Portable Bag
Puma Black
2022-12-14 13:26:08,191 INFO o.g.p.HomePage [main] Edge Compact Portable Bag
Puma Black
2022-12-14 13:26:08,198 INFO o.g.p.HomePage [main] Originals Mini Box Bag
Puma Black
2022-12-14 13:26:08,205 INFO o.g.p.HomePage [main] PUMA x CLOUD9 Gaming Bag
Parisian Night
2022-12-14 13:26:08,212 INFO o.g.p.HomePage [main] Originals Mini Box Bag
Metallic Silver
2022-12-14 13:26:08,231 INFO o.g.p.HomePage [main] PUMA Sense Multi Pouch Bag
Rose Quartz
2022-12-14 13:26:08,239 INFO o.g.p.HomePage [main] PUMA x DUA LIPA Grip Bag
Puma Black-Poppy Red-Light Aqua
2022-12-14 13:26:08,248 INFO o.g.p.HomePage [main] Essentials Training Barrel Bag
Puma Black
2022-12-14 13:26:08,258 INFO o.g.p.HomePage [main] Essentials Training Barrel Bag
Varsity Green
2022-12-14 13:26:08,267 INFO o.g.p.HomePage [main] Prime Time Multi Pouch Bag
Mauve Pop
2022-12-14 13:26:08,273 INFO o.g.p.HomePage [main] Prime Time Multi Pouch Bag
Puma Black
2022-12-14 13:26:08,280 INFO o.g.p.HomePage [main] Essentials Story Pack Training Barrel Bag
Puma Black-Deco Glam
2022-12-14 13:26:08,287 INFO o.g.p.HomePage [main] Prime Time Cube Wristlet Bag
Mauve Pop
2022-12-14 13:26:08,303 INFO o.g.p.HomePage [main] Prime Time Cube Wristlet Bag
Puma Black
2022-12-14 13:26:08,310 INFO o.g.p.HomePage [main] Prime Time Crossbody Bag
Puma Black
2022-12-14 13:26:08,317 INFO o.g.p.HomePage [main] Prime Time Crossbody Bag
Mauve Pop
2022-12-14 13:26:08,325 INFO o.g.p.HomePage [main] Accelerator Duffle Bag
BLACK / GREY
2022-12-14 13:26:08,330 TRACE i.n.h.c.h.w.WebSocket08FrameEncoder [AsyncHttpClient-1-4] Encoding WebSocket Frame opCode=8 length=26
2022-12-14 13:26:08,331 TRACE i.n.h.c.h.w.WebSocket08FrameEncoder [AsyncHttpClient-1-4] Encoding WebSocket Frame opCode=8 length=26
