2022-12-14 10:38:33,824 DEBUG i.n.u.i.l.InternalLoggerFactory [main] Using Log4J2 as the default logging framework
2022-12-14 10:38:33,828 DEBUG i.n.u.ResourceLeakDetector [main] -Dio.netty.leakDetection.level: simple
2022-12-14 10:38:33,828 DEBUG i.n.u.ResourceLeakDetector [main] -Dio.netty.leakDetection.targetRecords: 4
2022-12-14 10:38:33,830 DEBUG i.n.u.ResourceLeakDetectorFactory$DefaultResourceLeakDetectorFactory [main] Loaded default ResourceLeakDetector: io.netty.util.ResourceLeakDetector@73e132e0
2022-12-14 10:38:33,837 DEBUG i.n.u.i.PlatformDependent0 [main] -Dio.netty.noUnsafe: false
2022-12-14 10:38:33,837 DEBUG i.n.u.i.PlatformDependent0 [main] Java version: 11
2022-12-14 10:38:33,838 DEBUG i.n.u.i.PlatformDependent0 [main] sun.misc.Unsafe.theUnsafe: available
2022-12-14 10:38:33,839 DEBUG i.n.u.i.PlatformDependent0 [main] sun.misc.Unsafe.copyMemory: available
2022-12-14 10:38:33,839 DEBUG i.n.u.i.PlatformDependent0 [main] sun.misc.Unsafe.storeFence: available
2022-12-14 10:38:33,839 DEBUG i.n.u.i.PlatformDependent0 [main] java.nio.Buffer.address: available
2022-12-14 10:38:33,840 DEBUG i.n.u.i.PlatformDependent0 [main] direct buffer constructor: unavailable
java.lang.UnsupportedOperationException: Reflective setAccessible(true) disabled
	at io.netty.util.internal.ReflectionUtil.trySetAccessible(ReflectionUtil.java:31) ~[netty-common-4.1.84.Final.jar:4.1.84.Final]
	at io.netty.util.internal.PlatformDependent0$5.run(PlatformDependent0.java:288) ~[netty-common-4.1.84.Final.jar:4.1.84.Final]
	at java.security.AccessController.doPrivileged(Native Method) ~[?:?]
	at io.netty.util.internal.PlatformDependent0.<clinit>(PlatformDependent0.java:282) ~[netty-common-4.1.84.Final.jar:4.1.84.Final]
	at io.netty.util.internal.PlatformDependent.isAndroid(PlatformDependent.java:333) ~[netty-common-4.1.84.Final.jar:4.1.84.Final]
	at io.netty.util.internal.PlatformDependent.<clinit>(PlatformDependent.java:88) ~[netty-common-4.1.84.Final.jar:4.1.84.Final]
	at io.netty.util.HashedWheelTimer.<init>(HashedWheelTimer.java:114) ~[netty-common-4.1.84.Final.jar:4.1.84.Final]
	at io.netty.util.HashedWheelTimer.<init>(HashedWheelTimer.java:251) ~[netty-common-4.1.84.Final.jar:4.1.84.Final]
	at io.netty.util.HashedWheelTimer.<init>(HashedWheelTimer.java:224) ~[netty-common-4.1.84.Final.jar:4.1.84.Final]
	at io.netty.util.HashedWheelTimer.<init>(HashedWheelTimer.java:203) ~[netty-common-4.1.84.Final.jar:4.1.84.Final]
	at org.asynchttpclient.DefaultAsyncHttpClient.newNettyTimer(DefaultAsyncHttpClient.java:111) ~[async-http-client-2.12.3.jar:?]
	at org.asynchttpclient.DefaultAsyncHttpClient.<init>(DefaultAsyncHttpClient.java:90) ~[async-http-client-2.12.3.jar:?]
	at org.asynchttpclient.Dsl.asyncHttpClient(Dsl.java:32) ~[async-http-client-2.12.3.jar:?]
	at org.openqa.selenium.remote.http.netty.NettyClient.createHttpClient(NettyClient.java:94) ~[selenium-remote-driver-4.7.1.jar:?]
	at org.openqa.selenium.remote.http.netty.NettyClient.<clinit>(NettyClient.java:47) ~[selenium-remote-driver-4.7.1.jar:?]
	at org.openqa.selenium.remote.http.netty.NettyClient$Factory.createClient(NettyClient.java:135) ~[selenium-remote-driver-4.7.1.jar:?]
	at org.openqa.selenium.remote.HttpCommandExecutor.<init>(HttpCommandExecutor.java:107) ~[selenium-remote-driver-4.7.1.jar:?]
	at org.openqa.selenium.remote.HttpCommandExecutor.<init>(HttpCommandExecutor.java:94) ~[selenium-remote-driver-4.7.1.jar:?]
	at org.openqa.selenium.remote.HttpCommandExecutor.<init>(HttpCommandExecutor.java:85) ~[selenium-remote-driver-4.7.1.jar:?]
	at org.openqa.selenium.remote.service.DriverCommandExecutor.<init>(DriverCommandExecutor.java:80) ~[selenium-remote-driver-4.7.1.jar:?]
	at org.openqa.selenium.chromium.ChromiumDriverCommandExecutor.<init>(ChromiumDriverCommandExecutor.java:35) ~[selenium-chromium-driver-4.7.1.jar:?]
	at org.openqa.selenium.chrome.ChromeDriver$ChromeDriverCommandExecutor.<init>(ChromeDriver.java:93) ~[selenium-chrome-driver-4.7.1.jar:?]
	at org.openqa.selenium.chrome.ChromeDriver.<init>(ChromeDriver.java:81) ~[selenium-chrome-driver-4.7.1.jar:?]
	at org.openqa.selenium.chrome.ChromeDriver.<init>(ChromeDriver.java:49) ~[selenium-chrome-driver-4.7.1.jar:?]
	at org.gui.pages.HomePage.main(HomePage.java:20) ~[classes/:?]
2022-12-14 10:38:33,843 DEBUG i.n.u.i.PlatformDependent0 [main] java.nio.Bits.unaligned: available, true
2022-12-14 10:38:33,843 DEBUG i.n.u.i.PlatformDependent0 [main] jdk.internal.misc.Unsafe.allocateUninitializedArray(int): unavailable
java.lang.IllegalAccessException: class io.netty.util.internal.PlatformDependent0$7 cannot access class jdk.internal.misc.Unsafe (in module java.base) because module java.base does not export jdk.internal.misc to unnamed module @325f7fa9
	at jdk.internal.reflect.Reflection.newIllegalAccessException(Reflection.java:361) ~[?:?]
	at java.lang.reflect.AccessibleObject.checkAccess(AccessibleObject.java:591) ~[?:?]
	at java.lang.reflect.Method.invoke(Method.java:558) ~[?:?]
	at io.netty.util.internal.PlatformDependent0$7.run(PlatformDependent0.java:410) ~[netty-common-4.1.84.Final.jar:4.1.84.Final]
	at java.security.AccessController.doPrivileged(Native Method) ~[?:?]
	at io.netty.util.internal.PlatformDependent0.<clinit>(PlatformDependent0.java:401) ~[netty-common-4.1.84.Final.jar:4.1.84.Final]
	at io.netty.util.internal.PlatformDependent.isAndroid(PlatformDependent.java:333) ~[netty-common-4.1.84.Final.jar:4.1.84.Final]
	at io.netty.util.internal.PlatformDependent.<clinit>(PlatformDependent.java:88) ~[netty-common-4.1.84.Final.jar:4.1.84.Final]
	at io.netty.util.HashedWheelTimer.<init>(HashedWheelTimer.java:114) ~[netty-common-4.1.84.Final.jar:4.1.84.Final]
	at io.netty.util.HashedWheelTimer.<init>(HashedWheelTimer.java:251) ~[netty-common-4.1.84.Final.jar:4.1.84.Final]
	at io.netty.util.HashedWheelTimer.<init>(HashedWheelTimer.java:224) ~[netty-common-4.1.84.Final.jar:4.1.84.Final]
	at io.netty.util.HashedWheelTimer.<init>(HashedWheelTimer.java:203) ~[netty-common-4.1.84.Final.jar:4.1.84.Final]
	at org.asynchttpclient.DefaultAsyncHttpClient.newNettyTimer(DefaultAsyncHttpClient.java:111) ~[async-http-client-2.12.3.jar:?]
	at org.asynchttpclient.DefaultAsyncHttpClient.<init>(DefaultAsyncHttpClient.java:90) ~[async-http-client-2.12.3.jar:?]
	at org.asynchttpclient.Dsl.asyncHttpClient(Dsl.java:32) ~[async-http-client-2.12.3.jar:?]
	at org.openqa.selenium.remote.http.netty.NettyClient.createHttpClient(NettyClient.java:94) ~[selenium-remote-driver-4.7.1.jar:?]
	at org.openqa.selenium.remote.http.netty.NettyClient.<clinit>(NettyClient.java:47) ~[selenium-remote-driver-4.7.1.jar:?]
	at org.openqa.selenium.remote.http.netty.NettyClient$Factory.createClient(NettyClient.java:135) ~[selenium-remote-driver-4.7.1.jar:?]
	at org.openqa.selenium.remote.HttpCommandExecutor.<init>(HttpCommandExecutor.java:107) ~[selenium-remote-driver-4.7.1.jar:?]
	at org.openqa.selenium.remote.HttpCommandExecutor.<init>(HttpCommandExecutor.java:94) ~[selenium-remote-driver-4.7.1.jar:?]
	at org.openqa.selenium.remote.HttpCommandExecutor.<init>(HttpCommandExecutor.java:85) ~[selenium-remote-driver-4.7.1.jar:?]
	at org.openqa.selenium.remote.service.DriverCommandExecutor.<init>(DriverCommandExecutor.java:80) ~[selenium-remote-driver-4.7.1.jar:?]
	at org.openqa.selenium.chromium.ChromiumDriverCommandExecutor.<init>(ChromiumDriverCommandExecutor.java:35) ~[selenium-chromium-driver-4.7.1.jar:?]
	at org.openqa.selenium.chrome.ChromeDriver$ChromeDriverCommandExecutor.<init>(ChromeDriver.java:93) ~[selenium-chrome-driver-4.7.1.jar:?]
	at org.openqa.selenium.chrome.ChromeDriver.<init>(ChromeDriver.java:81) ~[selenium-chrome-driver-4.7.1.jar:?]
	at org.openqa.selenium.chrome.ChromeDriver.<init>(ChromeDriver.java:49) ~[selenium-chrome-driver-4.7.1.jar:?]
	at org.gui.pages.HomePage.main(HomePage.java:20) ~[classes/:?]
2022-12-14 10:38:33,844 DEBUG i.n.u.i.PlatformDependent0 [main] java.nio.DirectByteBuffer.<init>(long, int): unavailable
2022-12-14 10:38:33,844 DEBUG i.n.u.i.PlatformDependent [main] sun.misc.Unsafe: available
2022-12-14 10:38:33,844 DEBUG i.n.u.i.PlatformDependent [main] maxDirectMemory: 4294967296 bytes (maybe)
2022-12-14 10:38:33,845 DEBUG i.n.u.i.PlatformDependent [main] -Dio.netty.tmpdir: /var/folders/t5/x0mgb2c53hgfrsyg0p8l53040000gn/T (java.io.tmpdir)
2022-12-14 10:38:33,845 DEBUG i.n.u.i.PlatformDependent [main] -Dio.netty.bitMode: 64 (sun.arch.data.model)
2022-12-14 10:38:33,845 DEBUG i.n.u.i.PlatformDependent [main] Platform: MacOS
2022-12-14 10:38:33,845 DEBUG i.n.u.i.PlatformDependent [main] -Dio.netty.maxDirectMemory: -1 bytes
2022-12-14 10:38:33,845 DEBUG i.n.u.i.PlatformDependent [main] -Dio.netty.uninitializedArrayAllocationThreshold: -1
2022-12-14 10:38:33,846 DEBUG i.n.u.i.CleanerJava9 [main] java.nio.ByteBuffer.cleaner(): available
2022-12-14 10:38:33,846 DEBUG i.n.u.i.PlatformDependent [main] -Dio.netty.noPreferDirect: false
2022-12-14 10:38:33,850 DEBUG i.n.u.i.PlatformDependent$Mpsc [main] org.jctools-core.MpscChunkedArrayQueue: available
2022-12-14 10:38:33,856 DEBUG i.n.u.i.InternalThreadLocalMap [main] -Dio.netty.threadLocalMap.stringBuilder.initialSize: 1024
2022-12-14 10:38:33,856 DEBUG i.n.u.i.InternalThreadLocalMap [main] -Dio.netty.threadLocalMap.stringBuilder.maxSize: 4096
2022-12-14 10:38:33,865 DEBUG i.n.h.s.JdkSslContext [main] Default protocols (JDK): [TLSv1.3, TLSv1.2, TLSv1.1, TLSv1] 
2022-12-14 10:38:33,865 DEBUG i.n.h.s.JdkSslContext [main] Default cipher suites (JDK): [TLS_ECDHE_ECDSA_WITH_AES_256_GCM_SHA384, TLS_ECDHE_ECDSA_WITH_AES_128_GCM_SHA256, TLS_ECDHE_RSA_WITH_AES_128_GCM_SHA256, TLS_ECDHE_RSA_WITH_AES_256_GCM_SHA384, TLS_ECDHE_RSA_WITH_AES_128_CBC_SHA, TLS_ECDHE_RSA_WITH_AES_256_CBC_SHA, TLS_RSA_WITH_AES_128_GCM_SHA256, TLS_RSA_WITH_AES_128_CBC_SHA, TLS_RSA_WITH_AES_256_CBC_SHA, TLS_AES_128_GCM_SHA256, TLS_AES_256_GCM_SHA384]
2022-12-14 10:38:33,875 DEBUG i.n.c.MultithreadEventLoopGroup [main] -Dio.netty.eventLoopThreads: 16
2022-12-14 10:38:33,879 DEBUG i.n.c.n.NioEventLoop [main] -Dio.netty.noKeySetOptimization: false
2022-12-14 10:38:33,880 DEBUG i.n.c.n.NioEventLoop [main] -Dio.netty.selectorAutoRebuildThreshold: 512
2022-12-14 10:38:33,882 TRACE i.n.c.n.NioEventLoop [main] instrumented a special java.util.Set into: sun.nio.ch.KQueueSelectorImpl@55ea2d70
2022-12-14 10:38:33,882 TRACE i.n.c.n.NioEventLoop [main] instrumented a special java.util.Set into: sun.nio.ch.KQueueSelectorImpl@71c905a3
2022-12-14 10:38:33,883 TRACE i.n.c.n.NioEventLoop [main] instrumented a special java.util.Set into: sun.nio.ch.KQueueSelectorImpl@30af7377
2022-12-14 10:38:33,883 TRACE i.n.c.n.NioEventLoop [main] instrumented a special java.util.Set into: sun.nio.ch.KQueueSelectorImpl@67a056f1
2022-12-14 10:38:33,883 TRACE i.n.c.n.NioEventLoop [main] instrumented a special java.util.Set into: sun.nio.ch.KQueueSelectorImpl@1dab9dd6
2022-12-14 10:38:33,883 TRACE i.n.c.n.NioEventLoop [main] instrumented a special java.util.Set into: sun.nio.ch.KQueueSelectorImpl@247667dd
2022-12-14 10:38:33,883 TRACE i.n.c.n.NioEventLoop [main] instrumented a special java.util.Set into: sun.nio.ch.KQueueSelectorImpl@6f099cef
2022-12-14 10:38:33,883 TRACE i.n.c.n.NioEventLoop [main] instrumented a special java.util.Set into: sun.nio.ch.KQueueSelectorImpl@afb5821
2022-12-14 10:38:33,883 TRACE i.n.c.n.NioEventLoop [main] instrumented a special java.util.Set into: sun.nio.ch.KQueueSelectorImpl@4bff2185
2022-12-14 10:38:33,883 TRACE i.n.c.n.NioEventLoop [main] instrumented a special java.util.Set into: sun.nio.ch.KQueueSelectorImpl@5c20ffa8
2022-12-14 10:38:33,884 TRACE i.n.c.n.NioEventLoop [main] instrumented a special java.util.Set into: sun.nio.ch.KQueueSelectorImpl@7fedfe27
2022-12-14 10:38:33,884 TRACE i.n.c.n.NioEventLoop [main] instrumented a special java.util.Set into: sun.nio.ch.KQueueSelectorImpl@2f879bab
2022-12-14 10:38:33,884 TRACE i.n.c.n.NioEventLoop [main] instrumented a special java.util.Set into: sun.nio.ch.KQueueSelectorImpl@1d4664d7
2022-12-14 10:38:33,884 TRACE i.n.c.n.NioEventLoop [main] instrumented a special java.util.Set into: sun.nio.ch.KQueueSelectorImpl@46c00568
2022-12-14 10:38:33,884 TRACE i.n.c.n.NioEventLoop [main] instrumented a special java.util.Set into: sun.nio.ch.KQueueSelectorImpl@56ccd751
2022-12-14 10:38:33,884 TRACE i.n.c.n.NioEventLoop [main] instrumented a special java.util.Set into: sun.nio.ch.KQueueSelectorImpl@458544e0
2022-12-14 10:38:33,893 DEBUG i.n.b.PooledByteBufAllocator [main] -Dio.netty.allocator.numHeapArenas: 16
2022-12-14 10:38:33,893 DEBUG i.n.b.PooledByteBufAllocator [main] -Dio.netty.allocator.numDirectArenas: 16
2022-12-14 10:38:33,893 DEBUG i.n.b.PooledByteBufAllocator [main] -Dio.netty.allocator.pageSize: 8192
2022-12-14 10:38:33,893 DEBUG i.n.b.PooledByteBufAllocator [main] -Dio.netty.allocator.maxOrder: 9
2022-12-14 10:38:33,893 DEBUG i.n.b.PooledByteBufAllocator [main] -Dio.netty.allocator.chunkSize: 4194304
2022-12-14 10:38:33,893 DEBUG i.n.b.PooledByteBufAllocator [main] -Dio.netty.allocator.smallCacheSize: 256
2022-12-14 10:38:33,893 DEBUG i.n.b.PooledByteBufAllocator [main] -Dio.netty.allocator.normalCacheSize: 64
2022-12-14 10:38:33,894 DEBUG i.n.b.PooledByteBufAllocator [main] -Dio.netty.allocator.maxCachedBufferCapacity: 32768
2022-12-14 10:38:33,894 DEBUG i.n.b.PooledByteBufAllocator [main] -Dio.netty.allocator.cacheTrimInterval: 8192
2022-12-14 10:38:33,894 DEBUG i.n.b.PooledByteBufAllocator [main] -Dio.netty.allocator.cacheTrimIntervalMillis: 0
2022-12-14 10:38:33,894 DEBUG i.n.b.PooledByteBufAllocator [main] -Dio.netty.allocator.useCacheForAllThreads: false
2022-12-14 10:38:33,894 DEBUG i.n.b.PooledByteBufAllocator [main] -Dio.netty.allocator.maxCachedByteBuffersPerChunk: 1023
2022-12-14 10:38:33,898 DEBUG i.n.b.ByteBufUtil [main] -Dio.netty.allocator.type: pooled
2022-12-14 10:38:33,899 DEBUG i.n.b.ByteBufUtil [main] -Dio.netty.threadLocalDirectBufferSize: 0
2022-12-14 10:38:33,899 DEBUG i.n.b.ByteBufUtil [main] -Dio.netty.maxThreadLocalCharBufferSize: 16384
2022-12-14 10:38:34,071 DEBUG i.n.c.DefaultChannelId [Forwarding newSession on session null to remote] -Dio.netty.processId: 1240 (auto-detected)
2022-12-14 10:38:34,073 DEBUG i.n.u.NetUtil [Forwarding newSession on session null to remote] -Djava.net.preferIPv4Stack: false
2022-12-14 10:38:34,073 DEBUG i.n.u.NetUtil [Forwarding newSession on session null to remote] -Djava.net.preferIPv6Addresses: false
2022-12-14 10:38:34,076 DEBUG i.n.u.NetUtilInitializations [Forwarding newSession on session null to remote] Loopback interface: lo0 (lo0, 0:0:0:0:0:0:0:1%lo0)
2022-12-14 10:38:34,077 DEBUG i.n.u.NetUtil$SoMaxConnAction [Forwarding newSession on session null to remote] Failed to get SOMAXCONN from sysctl and file /proc/sys/net/core/somaxconn. Default: 128
2022-12-14 10:38:34,078 DEBUG i.n.c.DefaultChannelId [Forwarding newSession on session null to remote] -Dio.netty.machineId: c8:89:f3:ff:fe:e7:76:98 (auto-detected)
2022-12-14 10:38:34,108 DEBUG i.n.b.AbstractByteBuf [AsyncHttpClient-1-2] -Dio.netty.buffer.checkAccessible: true
2022-12-14 10:38:34,109 DEBUG i.n.b.AbstractByteBuf [AsyncHttpClient-1-2] -Dio.netty.buffer.checkBounds: true
2022-12-14 10:38:34,109 DEBUG i.n.u.ResourceLeakDetectorFactory$DefaultResourceLeakDetectorFactory [AsyncHttpClient-1-2] Loaded default ResourceLeakDetector: io.netty.util.ResourceLeakDetector@6ac8b14a
2022-12-14 10:38:34,120 DEBUG i.n.u.Recycler [AsyncHttpClient-1-2] -Dio.netty.recycler.maxCapacityPerThread: 4096
2022-12-14 10:38:34,120 DEBUG i.n.u.Recycler [AsyncHttpClient-1-2] -Dio.netty.recycler.ratio: 8
2022-12-14 10:38:34,120 DEBUG i.n.u.Recycler [AsyncHttpClient-1-2] -Dio.netty.recycler.chunkSize: 32
2022-12-14 10:38:34,120 DEBUG i.n.u.Recycler [AsyncHttpClient-1-2] -Dio.netty.recycler.blocking: false
2022-12-14 10:38:34,835 DEBUG i.n.h.c.c.Brotli [AsyncHttpClient-1-2] brotli4j not in the classpath; Brotli support will be unavailable.
2022-12-14 10:38:34,887 DEBUG i.n.u.i.ThreadLocalRandom [main] -Dio.netty.initialSeedUniquifier: 0xe03a440f05c1f75c
2022-12-14 10:38:42,099 TRACE i.n.h.c.h.w.WebSocket08FrameEncoder [AsyncHttpClient-1-4] Encoding WebSocket Frame opCode=8 length=26
2022-12-14 10:38:42,100 TRACE i.n.h.c.h.w.WebSocket08FrameEncoder [AsyncHttpClient-1-4] Encoding WebSocket Frame opCode=8 length=26
