2022-12-14 13:17:30,926 DEBUG i.n.u.i.l.InternalLoggerFactory [main] Using Log4J2 as the default logging framework
2022-12-14 13:17:30,930 DEBUG i.n.u.ResourceLeakDetector [main] -Dio.netty.leakDetection.level: simple
2022-12-14 13:17:30,930 DEBUG i.n.u.ResourceLeakDetector [main] -Dio.netty.leakDetection.targetRecords: 4
2022-12-14 13:17:30,932 DEBUG i.n.u.ResourceLeakDetectorFactory$DefaultResourceLeakDetectorFactory [main] Loaded default ResourceLeakDetector: io.netty.util.ResourceLeakDetector@655523dd
2022-12-14 13:17:30,941 DEBUG i.n.u.i.PlatformDependent0 [main] -Dio.netty.noUnsafe: false
2022-12-14 13:17:30,941 DEBUG i.n.u.i.PlatformDependent0 [main] Java version: 11
2022-12-14 13:17:30,942 DEBUG i.n.u.i.PlatformDependent0 [main] sun.misc.Unsafe.theUnsafe: available
2022-12-14 13:17:30,943 DEBUG i.n.u.i.PlatformDependent0 [main] sun.misc.Unsafe.copyMemory: available
2022-12-14 13:17:30,943 DEBUG i.n.u.i.PlatformDependent0 [main] sun.misc.Unsafe.storeFence: available
2022-12-14 13:17:30,943 DEBUG i.n.u.i.PlatformDependent0 [main] java.nio.Buffer.address: available
2022-12-14 13:17:30,944 DEBUG i.n.u.i.PlatformDependent0 [main] direct buffer constructor: unavailable
java.lang.UnsupportedOperationException: Reflective setAccessible(true) disabled
	at io.netty.util.internal.ReflectionUtil.trySetAccessible(ReflectionUtil.java:31) ~[netty-common-4.1.84.Final.jar:4.1.84.Final]
	at io.netty.util.internal.PlatformDependent0$5.run(PlatformDependent0.java:288) ~[netty-common-4.1.84.Final.jar:4.1.84.Final]
	at java.security.AccessController.doPrivileged(Native Method) ~[?:?]
	at io.netty.util.internal.PlatformDependent0.<clinit>(PlatformDependent0.java:282) ~[netty-common-4.1.84.Final.jar:4.1.84.Final]
	at io.netty.util.internal.PlatformDependent.isAndroid(PlatformDependent.java:333) ~[netty-common-4.1.84.Final.jar:4.1.84.Final]
	at io.netty.util.internal.PlatformDependent.<clinit>(PlatformDependent.java:88) ~[netty-common-4.1.84.Final.jar:4.1.84.Final]
	at io.netty.util.HashedWheelTimer.<init>(HashedWheelTimer.java:114) ~[netty-common-4.1.84.Final.jar:4.1.84.Final]
	at io.netty.util.HashedWheelTimer.<init>(HashedWheelTimer.java:251) ~[netty-common-4.1.84.Final.jar:4.1.84.Final]
	at io.netty.util.HashedWheelTimer.<init>(HashedWheelTimer.java:224) ~[netty-common-4.1.84.Final.jar:4.1.84.Final]
	at io.netty.util.HashedWheelTimer.<init>(HashedWheelTimer.java:203) ~[netty-common-4.1.84.Final.jar:4.1.84.Final]
	at org.asynchttpclient.DefaultAsyncHttpClient.newNettyTimer(DefaultAsyncHttpClient.java:111) ~[async-http-client-2.12.3.jar:?]
	at org.asynchttpclient.DefaultAsyncHttpClient.<init>(DefaultAsyncHttpClient.java:90) ~[async-http-client-2.12.3.jar:?]
	at org.asynchttpclient.Dsl.asyncHttpClient(Dsl.java:32) ~[async-http-client-2.12.3.jar:?]
	at org.openqa.selenium.remote.http.netty.NettyClient.createHttpClient(NettyClient.java:94) ~[selenium-remote-driver-4.7.1.jar:?]
	at org.openqa.selenium.remote.http.netty.NettyClient.<clinit>(NettyClient.java:47) ~[selenium-remote-driver-4.7.1.jar:?]
	at org.openqa.selenium.remote.http.netty.NettyClient$Factory.createClient(NettyClient.java:135) ~[selenium-remote-driver-4.7.1.jar:?]
	at org.openqa.selenium.remote.HttpCommandExecutor.<init>(HttpCommandExecutor.java:107) ~[selenium-remote-driver-4.7.1.jar:?]
	at org.openqa.selenium.remote.HttpCommandExecutor.<init>(HttpCommandExecutor.java:94) ~[selenium-remote-driver-4.7.1.jar:?]
	at org.openqa.selenium.remote.HttpCommandExecutor.<init>(HttpCommandExecutor.java:85) ~[selenium-remote-driver-4.7.1.jar:?]
	at org.openqa.selenium.remote.service.DriverCommandExecutor.<init>(DriverCommandExecutor.java:80) ~[selenium-remote-driver-4.7.1.jar:?]
	at org.openqa.selenium.chromium.ChromiumDriverCommandExecutor.<init>(ChromiumDriverCommandExecutor.java:35) ~[selenium-chromium-driver-4.7.1.jar:?]
	at org.openqa.selenium.chrome.ChromeDriver$ChromeDriverCommandExecutor.<init>(ChromeDriver.java:93) ~[selenium-chrome-driver-4.7.1.jar:?]
	at org.openqa.selenium.chrome.ChromeDriver.<init>(ChromeDriver.java:81) ~[selenium-chrome-driver-4.7.1.jar:?]
	at org.openqa.selenium.chrome.ChromeDriver.<init>(ChromeDriver.java:49) ~[selenium-chrome-driver-4.7.1.jar:?]
	at org.gui.pages.HomePage.open(HomePage.java:33) ~[classes/:?]
	at org.gui.pages.HomePageTest.SearchBags(HomePageTest.java:12) ~[test-classes/:?]
	at jdk.internal.reflect.NativeMethodAccessorImpl.invoke0(Native Method) ~[?:?]
	at jdk.internal.reflect.NativeMethodAccessorImpl.invoke(NativeMethodAccessorImpl.java:62) ~[?:?]
	at jdk.internal.reflect.DelegatingMethodAccessorImpl.invoke(DelegatingMethodAccessorImpl.java:43) ~[?:?]
	at java.lang.reflect.Method.invoke(Method.java:566) ~[?:?]
	at org.testng.internal.invokers.MethodInvocationHelper.invokeMethod(MethodInvocationHelper.java:139) ~[testng-7.7.0.jar:7.7.0]
	at org.testng.internal.invokers.TestInvoker.invokeMethod(TestInvoker.java:677) ~[testng-7.7.0.jar:7.7.0]
	at org.testng.internal.invokers.TestInvoker.invokeTestMethod(TestInvoker.java:221) ~[testng-7.7.0.jar:7.7.0]
	at org.testng.internal.invokers.MethodRunner.runInSequence(MethodRunner.java:50) ~[testng-7.7.0.jar:7.7.0]
	at org.testng.internal.invokers.TestInvoker$MethodInvocationAgent.invoke(TestInvoker.java:969) ~[testng-7.7.0.jar:7.7.0]
	at org.testng.internal.invokers.TestInvoker.invokeTestMethods(TestInvoker.java:194) ~[testng-7.7.0.jar:7.7.0]
	at org.testng.internal.invokers.TestMethodWorker.invokeTestMethods(TestMethodWorker.java:148) ~[testng-7.7.0.jar:7.7.0]
	at org.testng.internal.invokers.TestMethodWorker.run(TestMethodWorker.java:128) ~[testng-7.7.0.jar:7.7.0]
	at java.util.ArrayList.forEach(ArrayList.java:1541) ~[?:?]
	at org.testng.TestRunner.privateRun(TestRunner.java:829) ~[testng-7.7.0.jar:7.7.0]
	at org.testng.TestRunner.run(TestRunner.java:602) ~[testng-7.7.0.jar:7.7.0]
	at org.testng.SuiteRunner.runTest(SuiteRunner.java:437) ~[testng-7.7.0.jar:7.7.0]
	at org.testng.SuiteRunner.runSequentially(SuiteRunner.java:431) ~[testng-7.7.0.jar:7.7.0]
	at org.testng.SuiteRunner.privateRun(SuiteRunner.java:391) ~[testng-7.7.0.jar:7.7.0]
	at org.testng.SuiteRunner.run(SuiteRunner.java:330) ~[testng-7.7.0.jar:7.7.0]
	at org.testng.SuiteRunnerWorker.runSuite(SuiteRunnerWorker.java:52) ~[testng-7.7.0.jar:7.7.0]
	at org.testng.SuiteRunnerWorker.run(SuiteRunnerWorker.java:95) ~[testng-7.7.0.jar:7.7.0]
	at org.testng.TestNG.runSuitesSequentially(TestNG.java:1256) ~[testng-7.7.0.jar:7.7.0]
	at org.testng.TestNG.runSuitesLocally(TestNG.java:1176) ~[testng-7.7.0.jar:7.7.0]
	at org.testng.TestNG.runSuites(TestNG.java:1099) ~[testng-7.7.0.jar:7.7.0]
	at org.testng.TestNG.run(TestNG.java:1067) ~[testng-7.7.0.jar:7.7.0]
	at com.intellij.rt.testng.IDEARemoteTestNG.run(IDEARemoteTestNG.java:66) ~[testng-rt.jar:?]
	at com.intellij.rt.testng.RemoteTestNGStarter.main(RemoteTestNGStarter.java:109) ~[testng-rt.jar:?]
2022-12-14 13:17:30,947 DEBUG i.n.u.i.PlatformDependent0 [main] java.nio.Bits.unaligned: available, true
2022-12-14 13:17:30,947 DEBUG i.n.u.i.PlatformDependent0 [main] jdk.internal.misc.Unsafe.allocateUninitializedArray(int): unavailable
java.lang.IllegalAccessException: class io.netty.util.internal.PlatformDependent0$7 cannot access class jdk.internal.misc.Unsafe (in module java.base) because module java.base does not export jdk.internal.misc to unnamed module @649bec2e
	at jdk.internal.reflect.Reflection.newIllegalAccessException(Reflection.java:361) ~[?:?]
	at java.lang.reflect.AccessibleObject.checkAccess(AccessibleObject.java:591) ~[?:?]
	at java.lang.reflect.Method.invoke(Method.java:558) ~[?:?]
	at io.netty.util.internal.PlatformDependent0$7.run(PlatformDependent0.java:410) ~[netty-common-4.1.84.Final.jar:4.1.84.Final]
	at java.security.AccessController.doPrivileged(Native Method) ~[?:?]
	at io.netty.util.internal.PlatformDependent0.<clinit>(PlatformDependent0.java:401) ~[netty-common-4.1.84.Final.jar:4.1.84.Final]
	at io.netty.util.internal.PlatformDependent.isAndroid(PlatformDependent.java:333) ~[netty-common-4.1.84.Final.jar:4.1.84.Final]
	at io.netty.util.internal.PlatformDependent.<clinit>(PlatformDependent.java:88) ~[netty-common-4.1.84.Final.jar:4.1.84.Final]
	at io.netty.util.HashedWheelTimer.<init>(HashedWheelTimer.java:114) ~[netty-common-4.1.84.Final.jar:4.1.84.Final]
	at io.netty.util.HashedWheelTimer.<init>(HashedWheelTimer.java:251) ~[netty-common-4.1.84.Final.jar:4.1.84.Final]
	at io.netty.util.HashedWheelTimer.<init>(HashedWheelTimer.java:224) ~[netty-common-4.1.84.Final.jar:4.1.84.Final]
	at io.netty.util.HashedWheelTimer.<init>(HashedWheelTimer.java:203) ~[netty-common-4.1.84.Final.jar:4.1.84.Final]
	at org.asynchttpclient.DefaultAsyncHttpClient.newNettyTimer(DefaultAsyncHttpClient.java:111) ~[async-http-client-2.12.3.jar:?]
	at org.asynchttpclient.DefaultAsyncHttpClient.<init>(DefaultAsyncHttpClient.java:90) ~[async-http-client-2.12.3.jar:?]
	at org.asynchttpclient.Dsl.asyncHttpClient(Dsl.java:32) ~[async-http-client-2.12.3.jar:?]
	at org.openqa.selenium.remote.http.netty.NettyClient.createHttpClient(NettyClient.java:94) ~[selenium-remote-driver-4.7.1.jar:?]
	at org.openqa.selenium.remote.http.netty.NettyClient.<clinit>(NettyClient.java:47) ~[selenium-remote-driver-4.7.1.jar:?]
	at org.openqa.selenium.remote.http.netty.NettyClient$Factory.createClient(NettyClient.java:135) ~[selenium-remote-driver-4.7.1.jar:?]
	at org.openqa.selenium.remote.HttpCommandExecutor.<init>(HttpCommandExecutor.java:107) ~[selenium-remote-driver-4.7.1.jar:?]
	at org.openqa.selenium.remote.HttpCommandExecutor.<init>(HttpCommandExecutor.java:94) ~[selenium-remote-driver-4.7.1.jar:?]
	at org.openqa.selenium.remote.HttpCommandExecutor.<init>(HttpCommandExecutor.java:85) ~[selenium-remote-driver-4.7.1.jar:?]
	at org.openqa.selenium.remote.service.DriverCommandExecutor.<init>(DriverCommandExecutor.java:80) ~[selenium-remote-driver-4.7.1.jar:?]
	at org.openqa.selenium.chromium.ChromiumDriverCommandExecutor.<init>(ChromiumDriverCommandExecutor.java:35) ~[selenium-chromium-driver-4.7.1.jar:?]
	at org.openqa.selenium.chrome.ChromeDriver$ChromeDriverCommandExecutor.<init>(ChromeDriver.java:93) ~[selenium-chrome-driver-4.7.1.jar:?]
	at org.openqa.selenium.chrome.ChromeDriver.<init>(ChromeDriver.java:81) ~[selenium-chrome-driver-4.7.1.jar:?]
	at org.openqa.selenium.chrome.ChromeDriver.<init>(ChromeDriver.java:49) ~[selenium-chrome-driver-4.7.1.jar:?]
	at org.gui.pages.HomePage.open(HomePage.java:33) ~[classes/:?]
	at org.gui.pages.HomePageTest.SearchBags(HomePageTest.java:12) ~[test-classes/:?]
	at jdk.internal.reflect.NativeMethodAccessorImpl.invoke0(Native Method) ~[?:?]
	at jdk.internal.reflect.NativeMethodAccessorImpl.invoke(NativeMethodAccessorImpl.java:62) ~[?:?]
	at jdk.internal.reflect.DelegatingMethodAccessorImpl.invoke(DelegatingMethodAccessorImpl.java:43) ~[?:?]
	at java.lang.reflect.Method.invoke(Method.java:566) ~[?:?]
	at org.testng.internal.invokers.MethodInvocationHelper.invokeMethod(MethodInvocationHelper.java:139) ~[testng-7.7.0.jar:7.7.0]
	at org.testng.internal.invokers.TestInvoker.invokeMethod(TestInvoker.java:677) ~[testng-7.7.0.jar:7.7.0]
	at org.testng.internal.invokers.TestInvoker.invokeTestMethod(TestInvoker.java:221) ~[testng-7.7.0.jar:7.7.0]
	at org.testng.internal.invokers.MethodRunner.runInSequence(MethodRunner.java:50) ~[testng-7.7.0.jar:7.7.0]
	at org.testng.internal.invokers.TestInvoker$MethodInvocationAgent.invoke(TestInvoker.java:969) ~[testng-7.7.0.jar:7.7.0]
	at org.testng.internal.invokers.TestInvoker.invokeTestMethods(TestInvoker.java:194) ~[testng-7.7.0.jar:7.7.0]
	at org.testng.internal.invokers.TestMethodWorker.invokeTestMethods(TestMethodWorker.java:148) ~[testng-7.7.0.jar:7.7.0]
	at org.testng.internal.invokers.TestMethodWorker.run(TestMethodWorker.java:128) ~[testng-7.7.0.jar:7.7.0]
	at java.util.ArrayList.forEach(ArrayList.java:1541) ~[?:?]
	at org.testng.TestRunner.privateRun(TestRunner.java:829) ~[testng-7.7.0.jar:7.7.0]
	at org.testng.TestRunner.run(TestRunner.java:602) ~[testng-7.7.0.jar:7.7.0]
	at org.testng.SuiteRunner.runTest(SuiteRunner.java:437) ~[testng-7.7.0.jar:7.7.0]
	at org.testng.SuiteRunner.runSequentially(SuiteRunner.java:431) ~[testng-7.7.0.jar:7.7.0]
	at org.testng.SuiteRunner.privateRun(SuiteRunner.java:391) ~[testng-7.7.0.jar:7.7.0]
	at org.testng.SuiteRunner.run(SuiteRunner.java:330) ~[testng-7.7.0.jar:7.7.0]
	at org.testng.SuiteRunnerWorker.runSuite(SuiteRunnerWorker.java:52) ~[testng-7.7.0.jar:7.7.0]
	at org.testng.SuiteRunnerWorker.run(SuiteRunnerWorker.java:95) ~[testng-7.7.0.jar:7.7.0]
	at org.testng.TestNG.runSuitesSequentially(TestNG.java:1256) ~[testng-7.7.0.jar:7.7.0]
	at org.testng.TestNG.runSuitesLocally(TestNG.java:1176) ~[testng-7.7.0.jar:7.7.0]
	at org.testng.TestNG.runSuites(TestNG.java:1099) ~[testng-7.7.0.jar:7.7.0]
	at org.testng.TestNG.run(TestNG.java:1067) ~[testng-7.7.0.jar:7.7.0]
	at com.intellij.rt.testng.IDEARemoteTestNG.run(IDEARemoteTestNG.java:66) ~[testng-rt.jar:?]
	at com.intellij.rt.testng.RemoteTestNGStarter.main(RemoteTestNGStarter.java:109) ~[testng-rt.jar:?]
2022-12-14 13:17:30,948 DEBUG i.n.u.i.PlatformDependent0 [main] java.nio.DirectByteBuffer.<init>(long, int): unavailable
2022-12-14 13:17:30,949 DEBUG i.n.u.i.PlatformDependent [main] sun.misc.Unsafe: available
2022-12-14 13:17:30,949 DEBUG i.n.u.i.PlatformDependent [main] maxDirectMemory: 4294967296 bytes (maybe)
2022-12-14 13:17:30,949 DEBUG i.n.u.i.PlatformDependent [main] -Dio.netty.tmpdir: /var/folders/t5/x0mgb2c53hgfrsyg0p8l53040000gn/T (java.io.tmpdir)
2022-12-14 13:17:30,949 DEBUG i.n.u.i.PlatformDependent [main] -Dio.netty.bitMode: 64 (sun.arch.data.model)
2022-12-14 13:17:30,950 DEBUG i.n.u.i.PlatformDependent [main] Platform: MacOS
2022-12-14 13:17:30,950 DEBUG i.n.u.i.PlatformDependent [main] -Dio.netty.maxDirectMemory: -1 bytes
2022-12-14 13:17:30,950 DEBUG i.n.u.i.PlatformDependent [main] -Dio.netty.uninitializedArrayAllocationThreshold: -1
2022-12-14 13:17:30,951 DEBUG i.n.u.i.CleanerJava9 [main] java.nio.ByteBuffer.cleaner(): available
2022-12-14 13:17:30,951 DEBUG i.n.u.i.PlatformDependent [main] -Dio.netty.noPreferDirect: false
2022-12-14 13:17:30,954 DEBUG i.n.u.i.PlatformDependent$Mpsc [main] org.jctools-core.MpscChunkedArrayQueue: available
2022-12-14 13:17:30,964 DEBUG i.n.u.i.InternalThreadLocalMap [main] -Dio.netty.threadLocalMap.stringBuilder.initialSize: 1024
2022-12-14 13:17:30,964 DEBUG i.n.u.i.InternalThreadLocalMap [main] -Dio.netty.threadLocalMap.stringBuilder.maxSize: 4096
2022-12-14 13:17:30,975 DEBUG i.n.h.s.JdkSslContext [main] Default protocols (JDK): [TLSv1.3, TLSv1.2, TLSv1.1, TLSv1] 
2022-12-14 13:17:30,975 DEBUG i.n.h.s.JdkSslContext [main] Default cipher suites (JDK): [TLS_ECDHE_ECDSA_WITH_AES_256_GCM_SHA384, TLS_ECDHE_ECDSA_WITH_AES_128_GCM_SHA256, TLS_ECDHE_RSA_WITH_AES_128_GCM_SHA256, TLS_ECDHE_RSA_WITH_AES_256_GCM_SHA384, TLS_ECDHE_RSA_WITH_AES_128_CBC_SHA, TLS_ECDHE_RSA_WITH_AES_256_CBC_SHA, TLS_RSA_WITH_AES_128_GCM_SHA256, TLS_RSA_WITH_AES_128_CBC_SHA, TLS_RSA_WITH_AES_256_CBC_SHA, TLS_AES_128_GCM_SHA256, TLS_AES_256_GCM_SHA384]
2022-12-14 13:17:30,988 DEBUG i.n.c.MultithreadEventLoopGroup [main] -Dio.netty.eventLoopThreads: 16
2022-12-14 13:17:30,995 DEBUG i.n.c.n.NioEventLoop [main] -Dio.netty.noKeySetOptimization: false
2022-12-14 13:17:30,995 DEBUG i.n.c.n.NioEventLoop [main] -Dio.netty.selectorAutoRebuildThreshold: 512
2022-12-14 13:17:30,998 TRACE i.n.c.n.NioEventLoop [main] instrumented a special java.util.Set into: sun.nio.ch.KQueueSelectorImpl@59c33386
2022-12-14 13:17:30,998 TRACE i.n.c.n.NioEventLoop [main] instrumented a special java.util.Set into: sun.nio.ch.KQueueSelectorImpl@6c575325
2022-12-14 13:17:30,999 TRACE i.n.c.n.NioEventLoop [main] instrumented a special java.util.Set into: sun.nio.ch.KQueueSelectorImpl@747d1932
2022-12-14 13:17:30,999 TRACE i.n.c.n.NioEventLoop [main] instrumented a special java.util.Set into: sun.nio.ch.KQueueSelectorImpl@736309a9
2022-12-14 13:17:30,999 TRACE i.n.c.n.NioEventLoop [main] instrumented a special java.util.Set into: sun.nio.ch.KQueueSelectorImpl@4e93dcb9
2022-12-14 13:17:30,999 TRACE i.n.c.n.NioEventLoop [main] instrumented a special java.util.Set into: sun.nio.ch.KQueueSelectorImpl@188b6035
2022-12-14 13:17:30,999 TRACE i.n.c.n.NioEventLoop [main] instrumented a special java.util.Set into: sun.nio.ch.KQueueSelectorImpl@4a34e9f
2022-12-14 13:17:30,999 TRACE i.n.c.n.NioEventLoop [main] instrumented a special java.util.Set into: sun.nio.ch.KQueueSelectorImpl@6f6621e3
2022-12-14 13:17:30,999 TRACE i.n.c.n.NioEventLoop [main] instrumented a special java.util.Set into: sun.nio.ch.KQueueSelectorImpl@3fc05ea2
2022-12-14 13:17:30,999 TRACE i.n.c.n.NioEventLoop [main] instrumented a special java.util.Set into: sun.nio.ch.KQueueSelectorImpl@7c891ba7
2022-12-14 13:17:31,000 TRACE i.n.c.n.NioEventLoop [main] instrumented a special java.util.Set into: sun.nio.ch.KQueueSelectorImpl@6240651f
2022-12-14 13:17:31,000 TRACE i.n.c.n.NioEventLoop [main] instrumented a special java.util.Set into: sun.nio.ch.KQueueSelectorImpl@3cf7298d
2022-12-14 13:17:31,000 TRACE i.n.c.n.NioEventLoop [main] instrumented a special java.util.Set into: sun.nio.ch.KQueueSelectorImpl@1ff55ff
2022-12-14 13:17:31,000 TRACE i.n.c.n.NioEventLoop [main] instrumented a special java.util.Set into: sun.nio.ch.KQueueSelectorImpl@351f2244
2022-12-14 13:17:31,000 TRACE i.n.c.n.NioEventLoop [main] instrumented a special java.util.Set into: sun.nio.ch.KQueueSelectorImpl@5496c165
2022-12-14 13:17:31,000 TRACE i.n.c.n.NioEventLoop [main] instrumented a special java.util.Set into: sun.nio.ch.KQueueSelectorImpl@51a8313b
2022-12-14 13:17:31,010 DEBUG i.n.b.PooledByteBufAllocator [main] -Dio.netty.allocator.numHeapArenas: 16
2022-12-14 13:17:31,010 DEBUG i.n.b.PooledByteBufAllocator [main] -Dio.netty.allocator.numDirectArenas: 16
2022-12-14 13:17:31,010 DEBUG i.n.b.PooledByteBufAllocator [main] -Dio.netty.allocator.pageSize: 8192
2022-12-14 13:17:31,010 DEBUG i.n.b.PooledByteBufAllocator [main] -Dio.netty.allocator.maxOrder: 9
2022-12-14 13:17:31,011 DEBUG i.n.b.PooledByteBufAllocator [main] -Dio.netty.allocator.chunkSize: 4194304
2022-12-14 13:17:31,011 DEBUG i.n.b.PooledByteBufAllocator [main] -Dio.netty.allocator.smallCacheSize: 256
2022-12-14 13:17:31,011 DEBUG i.n.b.PooledByteBufAllocator [main] -Dio.netty.allocator.normalCacheSize: 64
2022-12-14 13:17:31,011 DEBUG i.n.b.PooledByteBufAllocator [main] -Dio.netty.allocator.maxCachedBufferCapacity: 32768
2022-12-14 13:17:31,011 DEBUG i.n.b.PooledByteBufAllocator [main] -Dio.netty.allocator.cacheTrimInterval: 8192
2022-12-14 13:17:31,011 DEBUG i.n.b.PooledByteBufAllocator [main] -Dio.netty.allocator.cacheTrimIntervalMillis: 0
2022-12-14 13:17:31,011 DEBUG i.n.b.PooledByteBufAllocator [main] -Dio.netty.allocator.useCacheForAllThreads: false
2022-12-14 13:17:31,011 DEBUG i.n.b.PooledByteBufAllocator [main] -Dio.netty.allocator.maxCachedByteBuffersPerChunk: 1023
2022-12-14 13:17:31,022 DEBUG i.n.b.ByteBufUtil [main] -Dio.netty.allocator.type: pooled
2022-12-14 13:17:31,022 DEBUG i.n.b.ByteBufUtil [main] -Dio.netty.threadLocalDirectBufferSize: 0
2022-12-14 13:17:31,022 DEBUG i.n.b.ByteBufUtil [main] -Dio.netty.maxThreadLocalCharBufferSize: 16384
2022-12-14 13:17:31,208 DEBUG i.n.c.DefaultChannelId [Forwarding newSession on session null to remote] -Dio.netty.processId: 3166 (auto-detected)
2022-12-14 13:17:31,209 DEBUG i.n.u.NetUtil [Forwarding newSession on session null to remote] -Djava.net.preferIPv4Stack: false
2022-12-14 13:17:31,209 DEBUG i.n.u.NetUtil [Forwarding newSession on session null to remote] -Djava.net.preferIPv6Addresses: false
2022-12-14 13:17:31,212 DEBUG i.n.u.NetUtilInitializations [Forwarding newSession on session null to remote] Loopback interface: lo0 (lo0, 0:0:0:0:0:0:0:1%lo0)
2022-12-14 13:17:31,213 DEBUG i.n.u.NetUtil$SoMaxConnAction [Forwarding newSession on session null to remote] Failed to get SOMAXCONN from sysctl and file /proc/sys/net/core/somaxconn. Default: 128
2022-12-14 13:17:31,214 DEBUG i.n.c.DefaultChannelId [Forwarding newSession on session null to remote] -Dio.netty.machineId: c8:89:f3:ff:fe:e7:76:98 (auto-detected)
2022-12-14 13:17:31,250 DEBUG i.n.b.AbstractByteBuf [AsyncHttpClient-1-2] -Dio.netty.buffer.checkAccessible: true
2022-12-14 13:17:31,251 DEBUG i.n.b.AbstractByteBuf [AsyncHttpClient-1-2] -Dio.netty.buffer.checkBounds: true
2022-12-14 13:17:31,251 DEBUG i.n.u.ResourceLeakDetectorFactory$DefaultResourceLeakDetectorFactory [AsyncHttpClient-1-2] Loaded default ResourceLeakDetector: io.netty.util.ResourceLeakDetector@4b3676b6
2022-12-14 13:17:31,263 DEBUG i.n.u.Recycler [AsyncHttpClient-1-2] -Dio.netty.recycler.maxCapacityPerThread: 4096
2022-12-14 13:17:31,263 DEBUG i.n.u.Recycler [AsyncHttpClient-1-2] -Dio.netty.recycler.ratio: 8
2022-12-14 13:17:31,263 DEBUG i.n.u.Recycler [AsyncHttpClient-1-2] -Dio.netty.recycler.chunkSize: 32
2022-12-14 13:17:31,263 DEBUG i.n.u.Recycler [AsyncHttpClient-1-2] -Dio.netty.recycler.blocking: false
2022-12-14 13:17:32,011 DEBUG i.n.h.c.c.Brotli [AsyncHttpClient-1-2] brotli4j not in the classpath; Brotli support will be unavailable.
2022-12-14 13:17:32,059 DEBUG i.n.u.i.ThreadLocalRandom [main] -Dio.netty.initialSeedUniquifier: 0xc18bd044667e9b41
2022-12-14 13:19:29,725 TRACE i.n.h.c.h.w.WebSocket08FrameEncoder [AsyncHttpClient-1-4] Encoding WebSocket Frame opCode=8 length=26
2022-12-14 13:19:29,726 TRACE i.n.h.c.h.w.WebSocket08FrameEncoder [AsyncHttpClient-1-4] Encoding WebSocket Frame opCode=8 length=26
