2022-12-14 21:09:52,596 DEBUG i.n.u.i.l.InternalLoggerFactory [TestNG-test=Zoommer-1] Using Log4J2 as the default logging framework
2022-12-14 21:09:52,600 DEBUG i.n.u.ResourceLeakDetector [TestNG-test=Zoommer-1] -Dio.netty.leakDetection.level: simple
2022-12-14 21:09:52,600 DEBUG i.n.u.ResourceLeakDetector [TestNG-test=Zoommer-1] -Dio.netty.leakDetection.targetRecords: 4
2022-12-14 21:09:52,603 DEBUG i.n.u.ResourceLeakDetectorFactory$DefaultResourceLeakDetectorFactory [TestNG-test=Zoommer-1] Loaded default ResourceLeakDetector: io.netty.util.ResourceLeakDetector@38120367
2022-12-14 21:09:52,611 DEBUG i.n.u.i.PlatformDependent0 [TestNG-test=Zoommer-1] -Dio.netty.noUnsafe: false
2022-12-14 21:09:52,611 DEBUG i.n.u.i.PlatformDependent0 [TestNG-test=Zoommer-1] Java version: 11
2022-12-14 21:09:52,613 DEBUG i.n.u.i.PlatformDependent0 [TestNG-test=Zoommer-1] sun.misc.Unsafe.theUnsafe: available
2022-12-14 21:09:52,613 DEBUG i.n.u.i.PlatformDependent0 [TestNG-test=Zoommer-1] sun.misc.Unsafe.copyMemory: available
2022-12-14 21:09:52,613 DEBUG i.n.u.i.PlatformDependent0 [TestNG-test=Zoommer-1] sun.misc.Unsafe.storeFence: available
2022-12-14 21:09:52,613 DEBUG i.n.u.i.PlatformDependent0 [TestNG-test=Zoommer-1] java.nio.Buffer.address: available
2022-12-14 21:09:52,614 DEBUG i.n.u.i.PlatformDependent0 [TestNG-test=Zoommer-1] direct buffer constructor: unavailable
java.lang.UnsupportedOperationException: Reflective setAccessible(true) disabled
	at io.netty.util.internal.ReflectionUtil.trySetAccessible(ReflectionUtil.java:31) ~[netty-common-4.1.84.Final.jar:4.1.84.Final]
	at io.netty.util.internal.PlatformDependent0$5.run(PlatformDependent0.java:288) ~[netty-common-4.1.84.Final.jar:4.1.84.Final]
	at java.security.AccessController.doPrivileged(Native Method) ~[?:?]
	at io.netty.util.internal.PlatformDependent0.<clinit>(PlatformDependent0.java:282) ~[netty-common-4.1.84.Final.jar:4.1.84.Final]
	at io.netty.util.internal.PlatformDependent.isAndroid(PlatformDependent.java:333) ~[netty-common-4.1.84.Final.jar:4.1.84.Final]
	at io.netty.util.internal.PlatformDependent.<clinit>(PlatformDependent.java:88) ~[netty-common-4.1.84.Final.jar:4.1.84.Final]
	at io.netty.util.HashedWheelTimer.<init>(HashedWheelTimer.java:114) ~[netty-common-4.1.84.Final.jar:4.1.84.Final]
	at io.netty.util.HashedWheelTimer.<init>(HashedWheelTimer.java:251) ~[netty-common-4.1.84.Final.jar:4.1.84.Final]
	at io.netty.util.HashedWheelTimer.<init>(HashedWheelTimer.java:224) ~[netty-common-4.1.84.Final.jar:4.1.84.Final]
	at io.netty.util.HashedWheelTimer.<init>(HashedWheelTimer.java:203) ~[netty-common-4.1.84.Final.jar:4.1.84.Final]
	at org.asynchttpclient.DefaultAsyncHttpClient.newNettyTimer(DefaultAsyncHttpClient.java:111) ~[async-http-client-2.12.3.jar:?]
	at org.asynchttpclient.DefaultAsyncHttpClient.<init>(DefaultAsyncHttpClient.java:90) ~[async-http-client-2.12.3.jar:?]
	at org.asynchttpclient.Dsl.asyncHttpClient(Dsl.java:32) ~[async-http-client-2.12.3.jar:?]
	at org.openqa.selenium.remote.http.netty.NettyClient.createHttpClient(NettyClient.java:94) ~[selenium-remote-driver-4.7.1.jar:?]
	at org.openqa.selenium.remote.http.netty.NettyClient.<clinit>(NettyClient.java:47) ~[selenium-remote-driver-4.7.1.jar:?]
	at org.openqa.selenium.remote.http.netty.NettyClient$Factory.createClient(NettyClient.java:135) ~[selenium-remote-driver-4.7.1.jar:?]
	at org.openqa.selenium.remote.tracing.TracedHttpClient$Factory.createClient(TracedHttpClient.java:77) ~[selenium-remote-driver-4.7.1.jar:?]
	at org.openqa.selenium.remote.HttpCommandExecutor.<init>(HttpCommandExecutor.java:107) ~[selenium-remote-driver-4.7.1.jar:?]
	at org.openqa.selenium.remote.RemoteWebDriver.createExecutor(RemoteWebDriver.java:186) ~[selenium-remote-driver-4.7.1.jar:?]
	at org.openqa.selenium.remote.RemoteWebDriver.<init>(RemoteWebDriver.java:141) ~[selenium-remote-driver-4.7.1.jar:?]
	at org.gui.pages.HomePageTest.SearchBags(HomePageTest.java:20) ~[test-classes/:?]
	at jdk.internal.reflect.NativeMethodAccessorImpl.invoke0(Native Method) ~[?:?]
	at jdk.internal.reflect.NativeMethodAccessorImpl.invoke(NativeMethodAccessorImpl.java:62) ~[?:?]
	at jdk.internal.reflect.DelegatingMethodAccessorImpl.invoke(DelegatingMethodAccessorImpl.java:43) ~[?:?]
	at java.lang.reflect.Method.invoke(Method.java:566) ~[?:?]
	at org.testng.internal.invokers.MethodInvocationHelper.invokeMethod(MethodInvocationHelper.java:139) ~[testng-7.7.0.jar:7.7.0]
	at org.testng.internal.invokers.TestInvoker.invokeMethod(TestInvoker.java:677) ~[testng-7.7.0.jar:7.7.0]
	at org.testng.internal.invokers.TestInvoker.invokeTestMethod(TestInvoker.java:221) ~[testng-7.7.0.jar:7.7.0]
	at org.testng.internal.invokers.MethodRunner.runInSequence(MethodRunner.java:50) ~[testng-7.7.0.jar:7.7.0]
	at org.testng.internal.invokers.TestInvoker$MethodInvocationAgent.invoke(TestInvoker.java:969) ~[testng-7.7.0.jar:7.7.0]
	at org.testng.internal.invokers.TestInvoker.invokeTestMethods(TestInvoker.java:194) ~[testng-7.7.0.jar:7.7.0]
	at org.testng.internal.invokers.TestMethodWorker.invokeTestMethods(TestMethodWorker.java:148) ~[testng-7.7.0.jar:7.7.0]
	at org.testng.internal.invokers.TestMethodWorker.run(TestMethodWorker.java:128) ~[testng-7.7.0.jar:7.7.0]
	at java.util.concurrent.ThreadPoolExecutor.runWorker(ThreadPoolExecutor.java:1128) ~[?:?]
	at java.util.concurrent.ThreadPoolExecutor$Worker.run(ThreadPoolExecutor.java:628) ~[?:?]
	at java.lang.Thread.run(Thread.java:829) ~[?:?]
2022-12-14 21:09:52,620 DEBUG i.n.u.i.PlatformDependent0 [TestNG-test=Zoommer-1] java.nio.Bits.unaligned: available, true
2022-12-14 21:09:52,620 DEBUG i.n.u.i.PlatformDependent0 [TestNG-test=Zoommer-1] jdk.internal.misc.Unsafe.allocateUninitializedArray(int): unavailable
java.lang.IllegalAccessException: class io.netty.util.internal.PlatformDependent0$7 cannot access class jdk.internal.misc.Unsafe (in module java.base) because module java.base does not export jdk.internal.misc to unnamed module @47817102
	at jdk.internal.reflect.Reflection.newIllegalAccessException(Reflection.java:361) ~[?:?]
	at java.lang.reflect.AccessibleObject.checkAccess(AccessibleObject.java:591) ~[?:?]
	at java.lang.reflect.Method.invoke(Method.java:558) ~[?:?]
	at io.netty.util.internal.PlatformDependent0$7.run(PlatformDependent0.java:410) ~[netty-common-4.1.84.Final.jar:4.1.84.Final]
	at java.security.AccessController.doPrivileged(Native Method) ~[?:?]
	at io.netty.util.internal.PlatformDependent0.<clinit>(PlatformDependent0.java:401) ~[netty-common-4.1.84.Final.jar:4.1.84.Final]
	at io.netty.util.internal.PlatformDependent.isAndroid(PlatformDependent.java:333) ~[netty-common-4.1.84.Final.jar:4.1.84.Final]
	at io.netty.util.internal.PlatformDependent.<clinit>(PlatformDependent.java:88) ~[netty-common-4.1.84.Final.jar:4.1.84.Final]
	at io.netty.util.HashedWheelTimer.<init>(HashedWheelTimer.java:114) ~[netty-common-4.1.84.Final.jar:4.1.84.Final]
	at io.netty.util.HashedWheelTimer.<init>(HashedWheelTimer.java:251) ~[netty-common-4.1.84.Final.jar:4.1.84.Final]
	at io.netty.util.HashedWheelTimer.<init>(HashedWheelTimer.java:224) ~[netty-common-4.1.84.Final.jar:4.1.84.Final]
	at io.netty.util.HashedWheelTimer.<init>(HashedWheelTimer.java:203) ~[netty-common-4.1.84.Final.jar:4.1.84.Final]
	at org.asynchttpclient.DefaultAsyncHttpClient.newNettyTimer(DefaultAsyncHttpClient.java:111) ~[async-http-client-2.12.3.jar:?]
	at org.asynchttpclient.DefaultAsyncHttpClient.<init>(DefaultAsyncHttpClient.java:90) ~[async-http-client-2.12.3.jar:?]
	at org.asynchttpclient.Dsl.asyncHttpClient(Dsl.java:32) ~[async-http-client-2.12.3.jar:?]
	at org.openqa.selenium.remote.http.netty.NettyClient.createHttpClient(NettyClient.java:94) ~[selenium-remote-driver-4.7.1.jar:?]
	at org.openqa.selenium.remote.http.netty.NettyClient.<clinit>(NettyClient.java:47) ~[selenium-remote-driver-4.7.1.jar:?]
	at org.openqa.selenium.remote.http.netty.NettyClient$Factory.createClient(NettyClient.java:135) ~[selenium-remote-driver-4.7.1.jar:?]
	at org.openqa.selenium.remote.tracing.TracedHttpClient$Factory.createClient(TracedHttpClient.java:77) ~[selenium-remote-driver-4.7.1.jar:?]
	at org.openqa.selenium.remote.HttpCommandExecutor.<init>(HttpCommandExecutor.java:107) ~[selenium-remote-driver-4.7.1.jar:?]
	at org.openqa.selenium.remote.RemoteWebDriver.createExecutor(RemoteWebDriver.java:186) ~[selenium-remote-driver-4.7.1.jar:?]
	at org.openqa.selenium.remote.RemoteWebDriver.<init>(RemoteWebDriver.java:141) ~[selenium-remote-driver-4.7.1.jar:?]
	at org.gui.pages.HomePageTest.SearchBags(HomePageTest.java:20) ~[test-classes/:?]
	at jdk.internal.reflect.NativeMethodAccessorImpl.invoke0(Native Method) ~[?:?]
	at jdk.internal.reflect.NativeMethodAccessorImpl.invoke(NativeMethodAccessorImpl.java:62) ~[?:?]
	at jdk.internal.reflect.DelegatingMethodAccessorImpl.invoke(DelegatingMethodAccessorImpl.java:43) ~[?:?]
	at java.lang.reflect.Method.invoke(Method.java:566) ~[?:?]
	at org.testng.internal.invokers.MethodInvocationHelper.invokeMethod(MethodInvocationHelper.java:139) ~[testng-7.7.0.jar:7.7.0]
	at org.testng.internal.invokers.TestInvoker.invokeMethod(TestInvoker.java:677) ~[testng-7.7.0.jar:7.7.0]
	at org.testng.internal.invokers.TestInvoker.invokeTestMethod(TestInvoker.java:221) ~[testng-7.7.0.jar:7.7.0]
	at org.testng.internal.invokers.MethodRunner.runInSequence(MethodRunner.java:50) ~[testng-7.7.0.jar:7.7.0]
	at org.testng.internal.invokers.TestInvoker$MethodInvocationAgent.invoke(TestInvoker.java:969) ~[testng-7.7.0.jar:7.7.0]
	at org.testng.internal.invokers.TestInvoker.invokeTestMethods(TestInvoker.java:194) ~[testng-7.7.0.jar:7.7.0]
	at org.testng.internal.invokers.TestMethodWorker.invokeTestMethods(TestMethodWorker.java:148) ~[testng-7.7.0.jar:7.7.0]
	at org.testng.internal.invokers.TestMethodWorker.run(TestMethodWorker.java:128) ~[testng-7.7.0.jar:7.7.0]
	at java.util.concurrent.ThreadPoolExecutor.runWorker(ThreadPoolExecutor.java:1128) ~[?:?]
	at java.util.concurrent.ThreadPoolExecutor$Worker.run(ThreadPoolExecutor.java:628) ~[?:?]
	at java.lang.Thread.run(Thread.java:829) ~[?:?]
2022-12-14 21:09:52,621 DEBUG i.n.u.i.PlatformDependent0 [TestNG-test=Zoommer-1] java.nio.DirectByteBuffer.<init>(long, int): unavailable
2022-12-14 21:09:52,621 DEBUG i.n.u.i.PlatformDependent [TestNG-test=Zoommer-1] sun.misc.Unsafe: available
2022-12-14 21:09:52,622 DEBUG i.n.u.i.PlatformDependent [TestNG-test=Zoommer-1] maxDirectMemory: 4294967296 bytes (maybe)
2022-12-14 21:09:52,622 DEBUG i.n.u.i.PlatformDependent [TestNG-test=Zoommer-1] -Dio.netty.tmpdir: /var/folders/t5/x0mgb2c53hgfrsyg0p8l53040000gn/T (java.io.tmpdir)
2022-12-14 21:09:52,622 DEBUG i.n.u.i.PlatformDependent [TestNG-test=Zoommer-1] -Dio.netty.bitMode: 64 (sun.arch.data.model)
2022-12-14 21:09:52,622 DEBUG i.n.u.i.PlatformDependent [TestNG-test=Zoommer-1] Platform: MacOS
2022-12-14 21:09:52,623 DEBUG i.n.u.i.PlatformDependent [TestNG-test=Zoommer-1] -Dio.netty.maxDirectMemory: -1 bytes
2022-12-14 21:09:52,623 DEBUG i.n.u.i.PlatformDependent [TestNG-test=Zoommer-1] -Dio.netty.uninitializedArrayAllocationThreshold: -1
2022-12-14 21:09:52,623 DEBUG i.n.u.i.CleanerJava9 [TestNG-test=Zoommer-1] java.nio.ByteBuffer.cleaner(): available
2022-12-14 21:09:52,623 DEBUG i.n.u.i.PlatformDependent [TestNG-test=Zoommer-1] -Dio.netty.noPreferDirect: false
2022-12-14 21:09:52,627 DEBUG i.n.u.i.PlatformDependent$Mpsc [TestNG-test=Zoommer-1] org.jctools-core.MpscChunkedArrayQueue: available
2022-12-14 21:09:52,636 DEBUG i.n.u.i.InternalThreadLocalMap [TestNG-test=Zoommer-1] -Dio.netty.threadLocalMap.stringBuilder.initialSize: 1024
2022-12-14 21:09:52,636 DEBUG i.n.u.i.InternalThreadLocalMap [TestNG-test=Zoommer-1] -Dio.netty.threadLocalMap.stringBuilder.maxSize: 4096
2022-12-14 21:09:52,698 DEBUG i.n.h.s.JdkSslContext [TestNG-test=Zoommer-1] Default protocols (JDK): [TLSv1.3, TLSv1.2, TLSv1.1, TLSv1] 
2022-12-14 21:09:52,699 DEBUG i.n.h.s.JdkSslContext [TestNG-test=Zoommer-1] Default cipher suites (JDK): [TLS_ECDHE_ECDSA_WITH_AES_256_GCM_SHA384, TLS_ECDHE_ECDSA_WITH_AES_128_GCM_SHA256, TLS_ECDHE_RSA_WITH_AES_128_GCM_SHA256, TLS_ECDHE_RSA_WITH_AES_256_GCM_SHA384, TLS_ECDHE_RSA_WITH_AES_128_CBC_SHA, TLS_ECDHE_RSA_WITH_AES_256_CBC_SHA, TLS_RSA_WITH_AES_128_GCM_SHA256, TLS_RSA_WITH_AES_128_CBC_SHA, TLS_RSA_WITH_AES_256_CBC_SHA, TLS_AES_128_GCM_SHA256, TLS_AES_256_GCM_SHA384]
2022-12-14 21:09:52,711 DEBUG i.n.c.MultithreadEventLoopGroup [TestNG-test=Zoommer-1] -Dio.netty.eventLoopThreads: 16
2022-12-14 21:09:52,715 DEBUG i.n.c.n.NioEventLoop [TestNG-test=Zoommer-1] -Dio.netty.noKeySetOptimization: false
2022-12-14 21:09:52,715 DEBUG i.n.c.n.NioEventLoop [TestNG-test=Zoommer-1] -Dio.netty.selectorAutoRebuildThreshold: 512
2022-12-14 21:09:52,718 TRACE i.n.c.n.NioEventLoop [TestNG-test=Zoommer-1] instrumented a special java.util.Set into: sun.nio.ch.KQueueSelectorImpl@4de568fa
2022-12-14 21:09:52,718 TRACE i.n.c.n.NioEventLoop [TestNG-test=Zoommer-1] instrumented a special java.util.Set into: sun.nio.ch.KQueueSelectorImpl@4127c241
2022-12-14 21:09:52,719 TRACE i.n.c.n.NioEventLoop [TestNG-test=Zoommer-1] instrumented a special java.util.Set into: sun.nio.ch.KQueueSelectorImpl@408d650f
2022-12-14 21:09:52,719 TRACE i.n.c.n.NioEventLoop [TestNG-test=Zoommer-1] instrumented a special java.util.Set into: sun.nio.ch.KQueueSelectorImpl@6cc883b0
2022-12-14 21:09:52,719 TRACE i.n.c.n.NioEventLoop [TestNG-test=Zoommer-1] instrumented a special java.util.Set into: sun.nio.ch.KQueueSelectorImpl@677d388
2022-12-14 21:09:52,719 TRACE i.n.c.n.NioEventLoop [TestNG-test=Zoommer-1] instrumented a special java.util.Set into: sun.nio.ch.KQueueSelectorImpl@793d2ccd
2022-12-14 21:09:52,719 TRACE i.n.c.n.NioEventLoop [TestNG-test=Zoommer-1] instrumented a special java.util.Set into: sun.nio.ch.KQueueSelectorImpl@52b39bf8
2022-12-14 21:09:52,719 TRACE i.n.c.n.NioEventLoop [TestNG-test=Zoommer-1] instrumented a special java.util.Set into: sun.nio.ch.KQueueSelectorImpl@7a4e471d
2022-12-14 21:09:52,719 TRACE i.n.c.n.NioEventLoop [TestNG-test=Zoommer-1] instrumented a special java.util.Set into: sun.nio.ch.KQueueSelectorImpl@421d304f
2022-12-14 21:09:52,719 TRACE i.n.c.n.NioEventLoop [TestNG-test=Zoommer-1] instrumented a special java.util.Set into: sun.nio.ch.KQueueSelectorImpl@52d63785
2022-12-14 21:09:52,719 TRACE i.n.c.n.NioEventLoop [TestNG-test=Zoommer-1] instrumented a special java.util.Set into: sun.nio.ch.KQueueSelectorImpl@1c740a7c
2022-12-14 21:09:52,719 TRACE i.n.c.n.NioEventLoop [TestNG-test=Zoommer-1] instrumented a special java.util.Set into: sun.nio.ch.KQueueSelectorImpl@140ac040
2022-12-14 21:09:52,720 TRACE i.n.c.n.NioEventLoop [TestNG-test=Zoommer-1] instrumented a special java.util.Set into: sun.nio.ch.KQueueSelectorImpl@3fbe05c6
2022-12-14 21:09:52,720 TRACE i.n.c.n.NioEventLoop [TestNG-test=Zoommer-1] instrumented a special java.util.Set into: sun.nio.ch.KQueueSelectorImpl@5c3767ab
2022-12-14 21:09:52,720 TRACE i.n.c.n.NioEventLoop [TestNG-test=Zoommer-1] instrumented a special java.util.Set into: sun.nio.ch.KQueueSelectorImpl@602ca1bb
2022-12-14 21:09:52,720 TRACE i.n.c.n.NioEventLoop [TestNG-test=Zoommer-1] instrumented a special java.util.Set into: sun.nio.ch.KQueueSelectorImpl@22e6653e
2022-12-14 21:09:52,729 DEBUG i.n.b.PooledByteBufAllocator [TestNG-test=Zoommer-1] -Dio.netty.allocator.numHeapArenas: 16
2022-12-14 21:09:52,729 DEBUG i.n.b.PooledByteBufAllocator [TestNG-test=Zoommer-1] -Dio.netty.allocator.numDirectArenas: 16
2022-12-14 21:09:52,729 DEBUG i.n.b.PooledByteBufAllocator [TestNG-test=Zoommer-1] -Dio.netty.allocator.pageSize: 8192
2022-12-14 21:09:52,729 DEBUG i.n.b.PooledByteBufAllocator [TestNG-test=Zoommer-1] -Dio.netty.allocator.maxOrder: 9
2022-12-14 21:09:52,729 DEBUG i.n.b.PooledByteBufAllocator [TestNG-test=Zoommer-1] -Dio.netty.allocator.chunkSize: 4194304
2022-12-14 21:09:52,729 DEBUG i.n.b.PooledByteBufAllocator [TestNG-test=Zoommer-1] -Dio.netty.allocator.smallCacheSize: 256
2022-12-14 21:09:52,729 DEBUG i.n.b.PooledByteBufAllocator [TestNG-test=Zoommer-1] -Dio.netty.allocator.normalCacheSize: 64
2022-12-14 21:09:52,730 DEBUG i.n.b.PooledByteBufAllocator [TestNG-test=Zoommer-1] -Dio.netty.allocator.maxCachedBufferCapacity: 32768
2022-12-14 21:09:52,730 DEBUG i.n.b.PooledByteBufAllocator [TestNG-test=Zoommer-1] -Dio.netty.allocator.cacheTrimInterval: 8192
2022-12-14 21:09:52,730 DEBUG i.n.b.PooledByteBufAllocator [TestNG-test=Zoommer-1] -Dio.netty.allocator.cacheTrimIntervalMillis: 0
2022-12-14 21:09:52,730 DEBUG i.n.b.PooledByteBufAllocator [TestNG-test=Zoommer-1] -Dio.netty.allocator.useCacheForAllThreads: false
2022-12-14 21:09:52,730 DEBUG i.n.b.PooledByteBufAllocator [TestNG-test=Zoommer-1] -Dio.netty.allocator.maxCachedByteBuffersPerChunk: 1023
2022-12-14 21:09:52,735 DEBUG i.n.b.ByteBufUtil [TestNG-test=Zoommer-1] -Dio.netty.allocator.type: pooled
2022-12-14 21:09:52,735 DEBUG i.n.b.ByteBufUtil [TestNG-test=Zoommer-1] -Dio.netty.threadLocalDirectBufferSize: 0
2022-12-14 21:09:52,735 DEBUG i.n.b.ByteBufUtil [TestNG-test=Zoommer-1] -Dio.netty.maxThreadLocalCharBufferSize: 16384
2022-12-14 21:09:52,848 DEBUG i.n.c.DefaultChannelId [Forwarding newSession on session null to remote] -Dio.netty.processId: 2061 (auto-detected)
2022-12-14 21:09:52,849 DEBUG i.n.u.NetUtil [Forwarding newSession on session null to remote] -Djava.net.preferIPv4Stack: false
2022-12-14 21:09:52,849 DEBUG i.n.u.NetUtil [Forwarding newSession on session null to remote] -Djava.net.preferIPv6Addresses: false
2022-12-14 21:09:52,852 DEBUG i.n.u.NetUtilInitializations [Forwarding newSession on session null to remote] Loopback interface: lo0 (lo0, 0:0:0:0:0:0:0:1%lo0)
2022-12-14 21:09:52,852 DEBUG i.n.u.NetUtil$SoMaxConnAction [Forwarding newSession on session null to remote] Failed to get SOMAXCONN from sysctl and file /proc/sys/net/core/somaxconn. Default: 128
2022-12-14 21:09:52,854 DEBUG i.n.c.DefaultChannelId [Forwarding newSession on session null to remote] -Dio.netty.machineId: c8:89:f3:ff:fe:e7:76:98 (auto-detected)
2022-12-14 21:09:52,879 DEBUG i.n.b.AbstractByteBuf [AsyncHttpClient-1-2] -Dio.netty.buffer.checkAccessible: true
2022-12-14 21:09:52,879 DEBUG i.n.b.AbstractByteBuf [AsyncHttpClient-1-2] -Dio.netty.buffer.checkBounds: true
2022-12-14 21:09:52,879 DEBUG i.n.u.ResourceLeakDetectorFactory$DefaultResourceLeakDetectorFactory [AsyncHttpClient-1-2] Loaded default ResourceLeakDetector: io.netty.util.ResourceLeakDetector@13a56017
2022-12-14 21:09:52,890 DEBUG i.n.u.Recycler [AsyncHttpClient-1-2] -Dio.netty.recycler.maxCapacityPerThread: 4096
2022-12-14 21:09:52,890 DEBUG i.n.u.Recycler [AsyncHttpClient-1-2] -Dio.netty.recycler.ratio: 8
2022-12-14 21:09:52,890 DEBUG i.n.u.Recycler [AsyncHttpClient-1-2] -Dio.netty.recycler.chunkSize: 32
2022-12-14 21:09:52,890 DEBUG i.n.u.Recycler [AsyncHttpClient-1-2] -Dio.netty.recycler.blocking: false
2022-12-14 21:09:53,775 DEBUG i.n.h.c.c.Brotli [AsyncHttpClient-1-2] brotli4j not in the classpath; Brotli support will be unavailable.
2022-12-14 21:09:54,605 DEBUG i.n.u.i.ThreadLocalRandom [TestNG-test=Zoommer-1] -Dio.netty.initialSeedUniquifier: 0xf05f849530978996
2022-12-14 21:10:04,427 INFO o.g.p.HomePage [TestNG-test=Zoommer-1] Couture Sport Mini Box Bag
Puma Black-Puma White-AOP
2022-12-14 21:10:04,446 INFO o.g.p.HomePage [TestNG-test=Zoommer-1] Accelerator Duffle Bag
BLACK
2022-12-14 21:10:04,455 INFO o.g.p.HomePage [TestNG-test=Zoommer-1] Convertible Bucket Shoulder Bag 2.0
PINK/BLACK
2022-12-14 21:10:04,462 INFO o.g.p.HomePage [TestNG-test=Zoommer-1] Convertible Bucket Shoulder Bag 2.0
Black/White
2022-12-14 21:10:04,469 INFO o.g.p.HomePage [TestNG-test=Zoommer-1] Medium Training Sports Bag
Puma Black
2022-12-14 21:10:04,475 INFO o.g.p.HomePage [TestNG-test=Zoommer-1] BMW M Motorsport Small Portable Bag
Puma Black
2022-12-14 21:10:04,482 INFO o.g.p.HomePage [TestNG-test=Zoommer-1] ProCat Duffel Bag
GREY/GREEN
2022-12-14 21:10:04,488 INFO o.g.p.HomePage [TestNG-test=Zoommer-1] Essentials Training Barrel Bag
Puma Black
2022-12-14 21:10:04,495 INFO o.g.p.HomePage [TestNG-test=Zoommer-1] Axis Compact Portable Bag
Puma Black
2022-12-14 21:10:04,502 INFO o.g.p.HomePage [TestNG-test=Zoommer-1] Edge Compact Portable Bag
Puma Black
2022-12-14 21:10:04,509 INFO o.g.p.HomePage [TestNG-test=Zoommer-1] Originals Mini Box Bag
Puma Black
2022-12-14 21:10:04,517 INFO o.g.p.HomePage [TestNG-test=Zoommer-1] PUMA x CLOUD9 Gaming Bag
Parisian Night
2022-12-14 21:10:04,524 INFO o.g.p.HomePage [TestNG-test=Zoommer-1] Originals Mini Box Bag
Metallic Silver
2022-12-14 21:10:04,531 INFO o.g.p.HomePage [TestNG-test=Zoommer-1] PUMA Sense Multi Pouch Bag
Rose Quartz
2022-12-14 21:10:04,537 INFO o.g.p.HomePage [TestNG-test=Zoommer-1] PUMA x DUA LIPA Grip Bag
Puma Black-Poppy Red-Light Aqua
2022-12-14 21:10:04,544 INFO o.g.p.HomePage [TestNG-test=Zoommer-1] Essentials Training Barrel Bag
Varsity Green
2022-12-14 21:10:04,550 INFO o.g.p.HomePage [TestNG-test=Zoommer-1] Prime Time Multi Pouch Bag
Mauve Pop
2022-12-14 21:10:04,557 INFO o.g.p.HomePage [TestNG-test=Zoommer-1] Prime Time Multi Pouch Bag
Puma Black
2022-12-14 21:10:04,564 INFO o.g.p.HomePage [TestNG-test=Zoommer-1] Essentials Story Pack Training Barrel Bag
Puma Black-Deco Glam
2022-12-14 21:10:04,584 INFO o.g.p.HomePage [TestNG-test=Zoommer-1] Prime Time Cube Wristlet Bag
Mauve Pop
2022-12-14 21:10:04,591 INFO o.g.p.HomePage [TestNG-test=Zoommer-1] Prime Time Cube Wristlet Bag
Puma Black
2022-12-14 21:10:04,598 INFO o.g.p.HomePage [TestNG-test=Zoommer-1] Prime Time Crossbody Bag
Puma Black
2022-12-14 21:10:04,619 INFO o.g.p.HomePage [TestNG-test=Zoommer-1] Prime Time Crossbody Bag
Mauve Pop
2022-12-14 21:10:04,626 INFO o.g.p.HomePage [TestNG-test=Zoommer-1] Accelerator Duffle Bag
BLACK / GREY
2022-12-14 21:10:04,631 TRACE i.n.h.c.h.w.WebSocket08FrameEncoder [AsyncHttpClient-1-5] Encoding WebSocket Frame opCode=8 length=26
2022-12-14 21:10:04,631 TRACE i.n.h.c.h.w.WebSocket08FrameEncoder [AsyncHttpClient-1-5] Encoding WebSocket Frame opCode=8 length=26
